2020-02-22 14:37:24,077 [main] DEBUG: edu.cmu.ri.createlab.terk.application.TerkApplication: TerkApplication.TerkApplication()
2020-02-22 14:37:24,125 [main] INFO : edu.cmu.ri.createlab.terk.application.TerkApplication: TerkApplication.TerkApplication(): System property [terk-application.connection-strategy.class.name] is not defined.  Attempting to use default [edu.cmu.ri.createlab.terk.robot.finch.LocalFinchConnectionStrategy] implementation class instead.
2020-02-22 14:37:24,707 [main] DEBUG: edu.cmu.ri.createlab.terk.application.TerkApplication: TerkApplication.TerkApplication(): successfully instantiated ConnectionStrategy implementation class [edu.cmu.ri.createlab.terk.robot.finch.LocalFinchConnectionStrategy]
2020-02-22 14:37:25,107 [main] DEBUG: edu.cmu.ri.createlab.device.connectivity.BaseCreateLabDeviceConnectivityManager: BaseCreateLabDeviceConnectivityManager: scanAndConnectWorkhorseRunnable.run()
2020-02-22 14:37:25,130 [main] DEBUG: edu.cmu.ri.createlab.device.connectivity.BaseCreateLabDeviceConnectivityManager: BaseCreateLabDeviceConnectivityManager.disconnect()
2020-02-22 14:37:25,152 [main] DEBUG: edu.cmu.ri.createlab.terk.robot.finch.LocalFinchConnectionStrategy: LocalFinchConnectionStrategy.handleConnectionStateChange(): OLD [Disconnected]  NEW [Disconnected]  port []
2020-02-22 14:37:25,200 [BaseCreateLabDeviceConnectivityManager.executorService pool-1-thread-1] DEBUG: edu.cmu.ri.createlab.device.connectivity.BaseCreateLabDeviceConnectivityManager: CreateLabDeviceConnectivityManagerImpl$DeviceScanner.run()
2020-02-22 14:37:25,224 [BaseCreateLabDeviceConnectivityManager.executorService pool-1-thread-1] DEBUG: edu.cmu.ri.createlab.terk.robot.finch.LocalFinchConnectionStrategy: LocalFinchConnectionStrategy.handleConnectionStateChange(): OLD [Disconnected]  NEW [Scanning]  port []
2020-02-22 14:37:25,755 [BaseCreateLabDeviceConnectivityManager.executorService pool-1-thread-1] DEBUG: edu.cmu.ri.createlab.terk.robot.finch.DefaultFinchController: DefaultFinchController.create(): creating HID device for vendor ID [2354] and product ID [1111]
2020-02-22 14:37:26,801 [BaseCreateLabDeviceConnectivityManager.executorService pool-1-thread-1] DEBUG: edu.cmu.ri.createlab.terk.robot.finch.DefaultFinchController: DefaultFinchController.create(): attempting connection...
2020-02-22 14:37:30,398 [BaseCreateLabDeviceConnectivityManager.executorService pool-1-thread-1] ERROR: edu.cmu.ri.createlab.usb.hid.windows.WindowsHIDDevice: WindowsHIDDevice.readDeviceInfo(): CreateFile failed (WinError{id=5, name='Access Denied: access is denied'}), skipping this device
2020-02-22 14:37:30,422 [BaseCreateLabDeviceConnectivityManager.executorService pool-1-thread-1] ERROR: edu.cmu.ri.createlab.usb.hid.windows.WindowsHIDDevice: WindowsHIDDevice.disconnect(): Failed to disconnect because the file handle is null
2020-02-22 14:37:30,445 [BaseCreateLabDeviceConnectivityManager.executorService pool-1-thread-1] ERROR: edu.cmu.ri.createlab.usb.hid.windows.WindowsHIDDevice: WindowsHIDDevice.readDeviceInfo(): Failed to read device attributes
2020-02-22 14:37:30,468 [BaseCreateLabDeviceConnectivityManager.executorService pool-1-thread-1] DEBUG: edu.cmu.ri.createlab.usb.hid.windows.WindowsHIDDevice: WindowsHIDDevice.disconnect(): disconnected successfully
2020-02-22 14:37:30,491 [BaseCreateLabDeviceConnectivityManager.executorService pool-1-thread-1] ERROR: edu.cmu.ri.createlab.usb.hid.windows.WindowsHIDDevice: WindowsHIDDevice.readDeviceInfo(): Failed to read device attributes
2020-02-22 14:37:30,514 [BaseCreateLabDeviceConnectivityManager.executorService pool-1-thread-1] DEBUG: edu.cmu.ri.createlab.usb.hid.windows.WindowsHIDDevice: WindowsHIDDevice.disconnect(): disconnected successfully
2020-02-22 14:37:30,537 [BaseCreateLabDeviceConnectivityManager.executorService pool-1-thread-1] ERROR: edu.cmu.ri.createlab.usb.hid.windows.WindowsHIDDevice: WindowsHIDDevice.readDeviceInfo(): CreateFile failed (WinError{id=5, name='Access Denied: access is denied'}), skipping this device
2020-02-22 14:37:30,560 [BaseCreateLabDeviceConnectivityManager.executorService pool-1-thread-1] ERROR: edu.cmu.ri.createlab.usb.hid.windows.WindowsHIDDevice: WindowsHIDDevice.disconnect(): Failed to disconnect.  Return was [false] and last error was [WinError{id=6, name='Invalid Handle: the handle is invalid'}]
2020-02-22 14:37:30,584 [BaseCreateLabDeviceConnectivityManager.executorService pool-1-thread-1] ERROR: edu.cmu.ri.createlab.usb.hid.windows.WindowsHIDDevice: WindowsHIDDevice.readDeviceInfo(): Failed to read device attributes
2020-02-22 14:37:30,607 [BaseCreateLabDeviceConnectivityManager.executorService pool-1-thread-1] DEBUG: edu.cmu.ri.createlab.usb.hid.windows.WindowsHIDDevice: WindowsHIDDevice.disconnect(): disconnected successfully
2020-02-22 14:37:30,630 [BaseCreateLabDeviceConnectivityManager.executorService pool-1-thread-1] ERROR: edu.cmu.ri.createlab.usb.hid.windows.WindowsHIDDevice: WindowsHIDDevice.readDeviceInfo(): CreateFile failed (WinError{id=5, name='Access Denied: access is denied'}), skipping this device
2020-02-22 14:37:30,652 [BaseCreateLabDeviceConnectivityManager.executorService pool-1-thread-1] ERROR: edu.cmu.ri.createlab.usb.hid.windows.WindowsHIDDevice: WindowsHIDDevice.disconnect(): Failed to disconnect.  Return was [false] and last error was [WinError{id=6, name='Invalid Handle: the handle is invalid'}]
2020-02-22 14:37:30,676 [BaseCreateLabDeviceConnectivityManager.executorService pool-1-thread-1] ERROR: edu.cmu.ri.createlab.usb.hid.windows.WindowsHIDDevice: WindowsHIDDevice.readDeviceInfo(): CreateFile failed (WinError{id=32, name='Sharing Violation: the process cannot access the file because it is being used by another process'}), skipping this device
2020-02-22 14:37:30,699 [BaseCreateLabDeviceConnectivityManager.executorService pool-1-thread-1] ERROR: edu.cmu.ri.createlab.usb.hid.windows.WindowsHIDDevice: WindowsHIDDevice.disconnect(): Failed to disconnect.  Return was [false] and last error was [WinError{id=6, name='Invalid Handle: the handle is invalid'}]
2020-02-22 14:37:30,723 [BaseCreateLabDeviceConnectivityManager.executorService pool-1-thread-1] ERROR: edu.cmu.ri.createlab.usb.hid.windows.WindowsHIDDevice: WindowsHIDDevice.readDeviceInfo(): Failed to read device attributes
2020-02-22 14:37:30,746 [BaseCreateLabDeviceConnectivityManager.executorService pool-1-thread-1] DEBUG: edu.cmu.ri.createlab.usb.hid.windows.WindowsHIDDevice: WindowsHIDDevice.disconnect(): disconnected successfully
2020-02-22 14:37:30,768 [BaseCreateLabDeviceConnectivityManager.executorService pool-1-thread-1] ERROR: edu.cmu.ri.createlab.usb.hid.windows.WindowsHIDDevice: WindowsHIDDevice.readDeviceInfo(): Failed to read device attributes
2020-02-22 14:37:30,791 [BaseCreateLabDeviceConnectivityManager.executorService pool-1-thread-1] DEBUG: edu.cmu.ri.createlab.usb.hid.windows.WindowsHIDDevice: WindowsHIDDevice.disconnect(): disconnected successfully
2020-02-22 14:37:30,814 [BaseCreateLabDeviceConnectivityManager.executorService pool-1-thread-1] ERROR: edu.cmu.ri.createlab.usb.hid.windows.WindowsHIDDevice: WindowsHIDDevice.readDeviceInfo(): Failed to read device attributes
2020-02-22 14:37:30,837 [BaseCreateLabDeviceConnectivityManager.executorService pool-1-thread-1] DEBUG: edu.cmu.ri.createlab.usb.hid.windows.WindowsHIDDevice: WindowsHIDDevice.disconnect(): disconnected successfully
2020-02-22 14:37:30,922 [BaseCreateLabDeviceConnectivityManager.executorService pool-1-thread-1] DEBUG: edu.cmu.ri.createlab.usb.hid.windows.WindowsHIDDevice: WindowsHIDDevice.disconnect(): disconnected successfully
2020-02-22 14:37:30,946 [BaseCreateLabDeviceConnectivityManager.executorService pool-1-thread-1] DEBUG: edu.cmu.ri.createlab.usb.hid.windows.WindowsHIDDevice: WindowsHIDDevice.connect(): connection successful
2020-02-22 14:37:32,066 [HIDCommandExecutionQueue.executor pool-5-thread-1] ERROR: edu.cmu.ri.createlab.usb.hid.windows.WindowsHIDDevice: WindowsHIDDevice.read(): Read failed.  Return was [true] and last error was [WinError{id=3, name='Path Not Found: the system cannot find the path specified'}]
2020-02-22 14:38:04,508 [main] DEBUG: edu.cmu.ri.createlab.terk.application.TerkApplication: TerkApplication.TerkApplication()
2020-02-22 14:38:04,531 [main] INFO : edu.cmu.ri.createlab.terk.application.TerkApplication: TerkApplication.TerkApplication(): System property [terk-application.connection-strategy.class.name] is not defined.  Attempting to use default [edu.cmu.ri.createlab.terk.robot.finch.LocalFinchConnectionStrategy] implementation class instead.
2020-02-22 14:38:05,111 [main] DEBUG: edu.cmu.ri.createlab.terk.application.TerkApplication: TerkApplication.TerkApplication(): successfully instantiated ConnectionStrategy implementation class [edu.cmu.ri.createlab.terk.robot.finch.LocalFinchConnectionStrategy]
2020-02-22 14:38:05,485 [main] DEBUG: edu.cmu.ri.createlab.device.connectivity.BaseCreateLabDeviceConnectivityManager: BaseCreateLabDeviceConnectivityManager: scanAndConnectWorkhorseRunnable.run()
2020-02-22 14:38:05,507 [main] DEBUG: edu.cmu.ri.createlab.device.connectivity.BaseCreateLabDeviceConnectivityManager: BaseCreateLabDeviceConnectivityManager.disconnect()
2020-02-22 14:38:05,528 [main] DEBUG: edu.cmu.ri.createlab.terk.robot.finch.LocalFinchConnectionStrategy: LocalFinchConnectionStrategy.handleConnectionStateChange(): OLD [Disconnected]  NEW [Disconnected]  port []
2020-02-22 14:38:05,574 [BaseCreateLabDeviceConnectivityManager.executorService pool-1-thread-1] DEBUG: edu.cmu.ri.createlab.device.connectivity.BaseCreateLabDeviceConnectivityManager: CreateLabDeviceConnectivityManagerImpl$DeviceScanner.run()
2020-02-22 14:38:05,598 [BaseCreateLabDeviceConnectivityManager.executorService pool-1-thread-1] DEBUG: edu.cmu.ri.createlab.terk.robot.finch.LocalFinchConnectionStrategy: LocalFinchConnectionStrategy.handleConnectionStateChange(): OLD [Disconnected]  NEW [Scanning]  port []
2020-02-22 14:38:06,140 [BaseCreateLabDeviceConnectivityManager.executorService pool-1-thread-1] DEBUG: edu.cmu.ri.createlab.terk.robot.finch.DefaultFinchController: DefaultFinchController.create(): creating HID device for vendor ID [2354] and product ID [1111]
2020-02-22 14:38:07,680 [BaseCreateLabDeviceConnectivityManager.executorService pool-1-thread-1] DEBUG: edu.cmu.ri.createlab.terk.robot.finch.DefaultFinchController: DefaultFinchController.create(): attempting connection...
2020-02-22 14:38:11,660 [BaseCreateLabDeviceConnectivityManager.executorService pool-1-thread-1] ERROR: edu.cmu.ri.createlab.usb.hid.windows.WindowsHIDDevice: WindowsHIDDevice.readDeviceInfo(): CreateFile failed (WinError{id=5, name='Access Denied: access is denied'}), skipping this device
2020-02-22 14:38:11,684 [BaseCreateLabDeviceConnectivityManager.executorService pool-1-thread-1] ERROR: edu.cmu.ri.createlab.usb.hid.windows.WindowsHIDDevice: WindowsHIDDevice.disconnect(): Failed to disconnect because the file handle is null
2020-02-22 14:38:11,707 [BaseCreateLabDeviceConnectivityManager.executorService pool-1-thread-1] ERROR: edu.cmu.ri.createlab.usb.hid.windows.WindowsHIDDevice: WindowsHIDDevice.readDeviceInfo(): Failed to read device attributes
2020-02-22 14:38:11,730 [BaseCreateLabDeviceConnectivityManager.executorService pool-1-thread-1] DEBUG: edu.cmu.ri.createlab.usb.hid.windows.WindowsHIDDevice: WindowsHIDDevice.disconnect(): disconnected successfully
2020-02-22 14:38:11,752 [BaseCreateLabDeviceConnectivityManager.executorService pool-1-thread-1] ERROR: edu.cmu.ri.createlab.usb.hid.windows.WindowsHIDDevice: WindowsHIDDevice.readDeviceInfo(): Failed to read device attributes
2020-02-22 14:38:11,775 [BaseCreateLabDeviceConnectivityManager.executorService pool-1-thread-1] DEBUG: edu.cmu.ri.createlab.usb.hid.windows.WindowsHIDDevice: WindowsHIDDevice.disconnect(): disconnected successfully
2020-02-22 14:38:11,797 [BaseCreateLabDeviceConnectivityManager.executorService pool-1-thread-1] ERROR: edu.cmu.ri.createlab.usb.hid.windows.WindowsHIDDevice: WindowsHIDDevice.readDeviceInfo(): CreateFile failed (WinError{id=5, name='Access Denied: access is denied'}), skipping this device
2020-02-22 14:38:11,820 [BaseCreateLabDeviceConnectivityManager.executorService pool-1-thread-1] ERROR: edu.cmu.ri.createlab.usb.hid.windows.WindowsHIDDevice: WindowsHIDDevice.disconnect(): Failed to disconnect.  Return was [false] and last error was [WinError{id=6, name='Invalid Handle: the handle is invalid'}]
2020-02-22 14:38:11,843 [BaseCreateLabDeviceConnectivityManager.executorService pool-1-thread-1] ERROR: edu.cmu.ri.createlab.usb.hid.windows.WindowsHIDDevice: WindowsHIDDevice.readDeviceInfo(): Failed to read device attributes
2020-02-22 14:38:11,865 [BaseCreateLabDeviceConnectivityManager.executorService pool-1-thread-1] DEBUG: edu.cmu.ri.createlab.usb.hid.windows.WindowsHIDDevice: WindowsHIDDevice.disconnect(): disconnected successfully
2020-02-22 14:38:11,889 [BaseCreateLabDeviceConnectivityManager.executorService pool-1-thread-1] ERROR: edu.cmu.ri.createlab.usb.hid.windows.WindowsHIDDevice: WindowsHIDDevice.readDeviceInfo(): CreateFile failed (WinError{id=5, name='Access Denied: access is denied'}), skipping this device
2020-02-22 14:38:11,912 [BaseCreateLabDeviceConnectivityManager.executorService pool-1-thread-1] ERROR: edu.cmu.ri.createlab.usb.hid.windows.WindowsHIDDevice: WindowsHIDDevice.disconnect(): Failed to disconnect.  Return was [false] and last error was [WinError{id=6, name='Invalid Handle: the handle is invalid'}]
2020-02-22 14:38:11,935 [BaseCreateLabDeviceConnectivityManager.executorService pool-1-thread-1] ERROR: edu.cmu.ri.createlab.usb.hid.windows.WindowsHIDDevice: WindowsHIDDevice.readDeviceInfo(): CreateFile failed (WinError{id=32, name='Sharing Violation: the process cannot access the file because it is being used by another process'}), skipping this device
2020-02-22 14:38:11,959 [BaseCreateLabDeviceConnectivityManager.executorService pool-1-thread-1] ERROR: edu.cmu.ri.createlab.usb.hid.windows.WindowsHIDDevice: WindowsHIDDevice.disconnect(): Failed to disconnect.  Return was [false] and last error was [WinError{id=6, name='Invalid Handle: the handle is invalid'}]
2020-02-22 14:38:11,982 [BaseCreateLabDeviceConnectivityManager.executorService pool-1-thread-1] ERROR: edu.cmu.ri.createlab.usb.hid.windows.WindowsHIDDevice: WindowsHIDDevice.readDeviceInfo(): Failed to read device attributes
2020-02-22 14:38:12,005 [BaseCreateLabDeviceConnectivityManager.executorService pool-1-thread-1] DEBUG: edu.cmu.ri.createlab.usb.hid.windows.WindowsHIDDevice: WindowsHIDDevice.disconnect(): disconnected successfully
2020-02-22 14:38:12,028 [BaseCreateLabDeviceConnectivityManager.executorService pool-1-thread-1] ERROR: edu.cmu.ri.createlab.usb.hid.windows.WindowsHIDDevice: WindowsHIDDevice.readDeviceInfo(): Failed to read device attributes
2020-02-22 14:38:12,050 [BaseCreateLabDeviceConnectivityManager.executorService pool-1-thread-1] DEBUG: edu.cmu.ri.createlab.usb.hid.windows.WindowsHIDDevice: WindowsHIDDevice.disconnect(): disconnected successfully
2020-02-22 14:38:12,073 [BaseCreateLabDeviceConnectivityManager.executorService pool-1-thread-1] ERROR: edu.cmu.ri.createlab.usb.hid.windows.WindowsHIDDevice: WindowsHIDDevice.readDeviceInfo(): Failed to read device attributes
2020-02-22 14:38:12,096 [BaseCreateLabDeviceConnectivityManager.executorService pool-1-thread-1] DEBUG: edu.cmu.ri.createlab.usb.hid.windows.WindowsHIDDevice: WindowsHIDDevice.disconnect(): disconnected successfully
2020-02-22 14:38:12,181 [BaseCreateLabDeviceConnectivityManager.executorService pool-1-thread-1] DEBUG: edu.cmu.ri.createlab.usb.hid.windows.WindowsHIDDevice: WindowsHIDDevice.disconnect(): disconnected successfully
2020-02-22 14:38:12,212 [BaseCreateLabDeviceConnectivityManager.executorService pool-1-thread-1] DEBUG: edu.cmu.ri.createlab.usb.hid.windows.WindowsHIDDevice: WindowsHIDDevice.connect(): connection successful
2020-02-23 15:54:14,492 [main] DEBUG: edu.cmu.ri.createlab.terk.application.TerkApplication: TerkApplication.TerkApplication()
2020-02-23 15:54:14,549 [main] INFO : edu.cmu.ri.createlab.terk.application.TerkApplication: TerkApplication.TerkApplication(): System property [terk-application.connection-strategy.class.name] is not defined.  Attempting to use default [edu.cmu.ri.createlab.terk.robot.finch.LocalFinchConnectionStrategy] implementation class instead.
2020-02-23 15:54:15,637 [main] DEBUG: edu.cmu.ri.createlab.terk.application.TerkApplication: TerkApplication.TerkApplication(): successfully instantiated ConnectionStrategy implementation class [edu.cmu.ri.createlab.terk.robot.finch.LocalFinchConnectionStrategy]
2020-02-23 15:54:16,276 [main] DEBUG: edu.cmu.ri.createlab.device.connectivity.BaseCreateLabDeviceConnectivityManager: BaseCreateLabDeviceConnectivityManager: scanAndConnectWorkhorseRunnable.run()
2020-02-23 15:54:16,378 [main] DEBUG: edu.cmu.ri.createlab.device.connectivity.BaseCreateLabDeviceConnectivityManager: BaseCreateLabDeviceConnectivityManager.disconnect()
2020-02-23 15:54:16,479 [main] DEBUG: edu.cmu.ri.createlab.terk.robot.finch.LocalFinchConnectionStrategy: LocalFinchConnectionStrategy.handleConnectionStateChange(): OLD [Disconnected]  NEW [Disconnected]  port []
2020-02-23 15:54:16,527 [BaseCreateLabDeviceConnectivityManager.executorService pool-1-thread-1] DEBUG: edu.cmu.ri.createlab.device.connectivity.BaseCreateLabDeviceConnectivityManager: CreateLabDeviceConnectivityManagerImpl$DeviceScanner.run()
2020-02-23 15:54:16,552 [BaseCreateLabDeviceConnectivityManager.executorService pool-1-thread-1] DEBUG: edu.cmu.ri.createlab.terk.robot.finch.LocalFinchConnectionStrategy: LocalFinchConnectionStrategy.handleConnectionStateChange(): OLD [Disconnected]  NEW [Scanning]  port []
2020-02-23 15:54:17,199 [BaseCreateLabDeviceConnectivityManager.executorService pool-1-thread-1] DEBUG: edu.cmu.ri.createlab.terk.robot.finch.DefaultFinchController: DefaultFinchController.create(): creating HID device for vendor ID [2354] and product ID [1111]
2020-02-23 15:54:18,097 [BaseCreateLabDeviceConnectivityManager.executorService pool-1-thread-1] DEBUG: edu.cmu.ri.createlab.terk.robot.finch.DefaultFinchController: DefaultFinchController.create(): attempting connection...
2020-02-23 15:54:21,817 [BaseCreateLabDeviceConnectivityManager.executorService pool-1-thread-1] ERROR: edu.cmu.ri.createlab.usb.hid.windows.WindowsHIDDevice: WindowsHIDDevice.readDeviceInfo(): CreateFile failed (WinError{id=5, name='Access Denied: access is denied'}), skipping this device
2020-02-23 15:54:21,841 [BaseCreateLabDeviceConnectivityManager.executorService pool-1-thread-1] ERROR: edu.cmu.ri.createlab.usb.hid.windows.WindowsHIDDevice: WindowsHIDDevice.disconnect(): Failed to disconnect because the file handle is null
2020-02-23 15:54:21,867 [BaseCreateLabDeviceConnectivityManager.executorService pool-1-thread-1] ERROR: edu.cmu.ri.createlab.usb.hid.windows.WindowsHIDDevice: WindowsHIDDevice.readDeviceInfo(): Failed to read device attributes
2020-02-23 15:54:21,891 [BaseCreateLabDeviceConnectivityManager.executorService pool-1-thread-1] DEBUG: edu.cmu.ri.createlab.usb.hid.windows.WindowsHIDDevice: WindowsHIDDevice.disconnect(): disconnected successfully
2020-02-23 15:54:21,915 [BaseCreateLabDeviceConnectivityManager.executorService pool-1-thread-1] ERROR: edu.cmu.ri.createlab.usb.hid.windows.WindowsHIDDevice: WindowsHIDDevice.readDeviceInfo(): Failed to read device attributes
2020-02-23 15:54:21,939 [BaseCreateLabDeviceConnectivityManager.executorService pool-1-thread-1] DEBUG: edu.cmu.ri.createlab.usb.hid.windows.WindowsHIDDevice: WindowsHIDDevice.disconnect(): disconnected successfully
2020-02-23 15:54:21,963 [BaseCreateLabDeviceConnectivityManager.executorService pool-1-thread-1] ERROR: edu.cmu.ri.createlab.usb.hid.windows.WindowsHIDDevice: WindowsHIDDevice.readDeviceInfo(): CreateFile failed (WinError{id=5, name='Access Denied: access is denied'}), skipping this device
2020-02-23 15:54:21,987 [BaseCreateLabDeviceConnectivityManager.executorService pool-1-thread-1] ERROR: edu.cmu.ri.createlab.usb.hid.windows.WindowsHIDDevice: WindowsHIDDevice.disconnect(): Failed to disconnect.  Return was [false] and last error was [WinError{id=6, name='Invalid Handle: the handle is invalid'}]
2020-02-23 15:54:22,012 [BaseCreateLabDeviceConnectivityManager.executorService pool-1-thread-1] ERROR: edu.cmu.ri.createlab.usb.hid.windows.WindowsHIDDevice: WindowsHIDDevice.readDeviceInfo(): Failed to read device attributes
2020-02-23 15:54:22,036 [BaseCreateLabDeviceConnectivityManager.executorService pool-1-thread-1] DEBUG: edu.cmu.ri.createlab.usb.hid.windows.WindowsHIDDevice: WindowsHIDDevice.disconnect(): disconnected successfully
2020-02-23 15:54:22,060 [BaseCreateLabDeviceConnectivityManager.executorService pool-1-thread-1] ERROR: edu.cmu.ri.createlab.usb.hid.windows.WindowsHIDDevice: WindowsHIDDevice.readDeviceInfo(): CreateFile failed (WinError{id=5, name='Access Denied: access is denied'}), skipping this device
2020-02-23 15:54:22,083 [BaseCreateLabDeviceConnectivityManager.executorService pool-1-thread-1] ERROR: edu.cmu.ri.createlab.usb.hid.windows.WindowsHIDDevice: WindowsHIDDevice.disconnect(): Failed to disconnect.  Return was [false] and last error was [WinError{id=6, name='Invalid Handle: the handle is invalid'}]
2020-02-23 15:54:22,108 [BaseCreateLabDeviceConnectivityManager.executorService pool-1-thread-1] ERROR: edu.cmu.ri.createlab.usb.hid.windows.WindowsHIDDevice: WindowsHIDDevice.readDeviceInfo(): CreateFile failed (WinError{id=32, name='Sharing Violation: the process cannot access the file because it is being used by another process'}), skipping this device
2020-02-23 15:54:22,133 [BaseCreateLabDeviceConnectivityManager.executorService pool-1-thread-1] ERROR: edu.cmu.ri.createlab.usb.hid.windows.WindowsHIDDevice: WindowsHIDDevice.disconnect(): Failed to disconnect.  Return was [false] and last error was [WinError{id=6, name='Invalid Handle: the handle is invalid'}]
2020-02-23 15:54:22,157 [BaseCreateLabDeviceConnectivityManager.executorService pool-1-thread-1] ERROR: edu.cmu.ri.createlab.usb.hid.windows.WindowsHIDDevice: WindowsHIDDevice.readDeviceInfo(): Failed to read device attributes
2020-02-23 15:54:22,181 [BaseCreateLabDeviceConnectivityManager.executorService pool-1-thread-1] DEBUG: edu.cmu.ri.createlab.usb.hid.windows.WindowsHIDDevice: WindowsHIDDevice.disconnect(): disconnected successfully
2020-02-23 15:54:22,206 [BaseCreateLabDeviceConnectivityManager.executorService pool-1-thread-1] ERROR: edu.cmu.ri.createlab.usb.hid.windows.WindowsHIDDevice: WindowsHIDDevice.readDeviceInfo(): Failed to read device attributes
2020-02-23 15:54:22,229 [BaseCreateLabDeviceConnectivityManager.executorService pool-1-thread-1] DEBUG: edu.cmu.ri.createlab.usb.hid.windows.WindowsHIDDevice: WindowsHIDDevice.disconnect(): disconnected successfully
2020-02-23 15:54:22,254 [BaseCreateLabDeviceConnectivityManager.executorService pool-1-thread-1] ERROR: edu.cmu.ri.createlab.usb.hid.windows.WindowsHIDDevice: WindowsHIDDevice.readDeviceInfo(): Failed to read device attributes
2020-02-23 15:54:22,277 [BaseCreateLabDeviceConnectivityManager.executorService pool-1-thread-1] DEBUG: edu.cmu.ri.createlab.usb.hid.windows.WindowsHIDDevice: WindowsHIDDevice.disconnect(): disconnected successfully
2020-02-23 15:54:22,302 [BaseCreateLabDeviceConnectivityManager.executorService pool-1-thread-1] ERROR: edu.cmu.ri.createlab.usb.hid.windows.WindowsHIDDevice: WindowsHIDDevice.connect(): device not found
2020-02-23 15:54:22,354 [BaseCreateLabDeviceConnectivityManager.executorService pool-1-thread-1] ERROR: edu.cmu.ri.createlab.terk.robot.finch.DefaultFinchController: HIDDeviceNotFoundException while trying to connect to the Finch, returning null
edu.cmu.ri.createlab.usb.hid.HIDDeviceNotFoundException: Device with vendor ID [2354] and product ID [1111] not found.
	at edu.cmu.ri.createlab.usb.hid.windows.WindowsHIDDevice.connect(WindowsHIDDevice.java:321)
	at edu.cmu.ri.createlab.usb.hid.windows.WindowsHIDDevice.connectExclusively(WindowsHIDDevice.java:281)
	at edu.cmu.ri.createlab.terk.robot.finch.DefaultFinchController.create(DefaultFinchController.java:64)
	at edu.cmu.ri.createlab.device.connectivity.FinchConnectivityManager.scanForDeviceAndCreateProxy(FinchConnectivityManager.java:14)
	at edu.cmu.ri.createlab.device.connectivity.BaseCreateLabDeviceConnectivityManager$DeviceScanner.run(BaseCreateLabDeviceConnectivityManager.java:229)
	at java.base/java.util.concurrent.Executors$RunnableAdapter.call(Executors.java:515)
	at java.base/java.util.concurrent.FutureTask.run(FutureTask.java:264)
	at java.base/java.util.concurrent.ScheduledThreadPoolExecutor$ScheduledFutureTask.run(ScheduledThreadPoolExecutor.java:304)
	at java.base/java.util.concurrent.ThreadPoolExecutor.runWorker(ThreadPoolExecutor.java:1128)
	at java.base/java.util.concurrent.ThreadPoolExecutor$Worker.run(ThreadPoolExecutor.java:628)
	at java.base/java.lang.Thread.run(Thread.java:835)
2020-02-23 15:54:22,438 [BaseCreateLabDeviceConnectivityManager.executorService pool-1-thread-1] DEBUG: edu.cmu.ri.createlab.device.connectivity.BaseCreateLabDeviceConnectivityManager: CreateLabDeviceConnectivityManagerImpl$DeviceScanner.run(): connection failed
2020-02-23 15:54:22,461 [BaseCreateLabDeviceConnectivityManager.executorService pool-1-thread-1] DEBUG: edu.cmu.ri.createlab.device.connectivity.BaseCreateLabDeviceConnectivityManager: Failed to connect, but we're still in scan mode, so schedule a new scan
2020-02-23 15:54:23,486 [BaseCreateLabDeviceConnectivityManager.executorService pool-1-thread-1] DEBUG: edu.cmu.ri.createlab.device.connectivity.BaseCreateLabDeviceConnectivityManager: CreateLabDeviceConnectivityManagerImpl$DeviceScanner.run()
2020-02-23 15:54:23,510 [BaseCreateLabDeviceConnectivityManager.executorService pool-1-thread-1] DEBUG: edu.cmu.ri.createlab.terk.robot.finch.LocalFinchConnectionStrategy: LocalFinchConnectionStrategy.handleConnectionStateChange(): OLD [Scanning]  NEW [Scanning]  port []
2020-02-23 15:54:23,534 [BaseCreateLabDeviceConnectivityManager.executorService pool-1-thread-1] DEBUG: edu.cmu.ri.createlab.terk.robot.finch.DefaultFinchController: DefaultFinchController.create(): creating HID device for vendor ID [2354] and product ID [1111]
2020-02-23 15:54:23,558 [BaseCreateLabDeviceConnectivityManager.executorService pool-1-thread-1] DEBUG: edu.cmu.ri.createlab.terk.robot.finch.DefaultFinchController: DefaultFinchController.create(): attempting connection...
2020-02-23 15:54:23,583 [BaseCreateLabDeviceConnectivityManager.executorService pool-1-thread-1] ERROR: edu.cmu.ri.createlab.usb.hid.windows.WindowsHIDDevice: WindowsHIDDevice.readDeviceInfo(): CreateFile failed (WinError{id=5, name='Access Denied: access is denied'}), skipping this device
2020-02-23 15:54:23,608 [BaseCreateLabDeviceConnectivityManager.executorService pool-1-thread-1] ERROR: edu.cmu.ri.createlab.usb.hid.windows.WindowsHIDDevice: WindowsHIDDevice.disconnect(): Failed to disconnect because the file handle is null
2020-02-23 15:54:23,634 [BaseCreateLabDeviceConnectivityManager.executorService pool-1-thread-1] ERROR: edu.cmu.ri.createlab.usb.hid.windows.WindowsHIDDevice: WindowsHIDDevice.readDeviceInfo(): Failed to read device attributes
2020-02-23 15:54:23,659 [BaseCreateLabDeviceConnectivityManager.executorService pool-1-thread-1] DEBUG: edu.cmu.ri.createlab.usb.hid.windows.WindowsHIDDevice: WindowsHIDDevice.disconnect(): disconnected successfully
2020-02-23 15:54:23,688 [BaseCreateLabDeviceConnectivityManager.executorService pool-1-thread-1] ERROR: edu.cmu.ri.createlab.usb.hid.windows.WindowsHIDDevice: WindowsHIDDevice.readDeviceInfo(): Failed to read device attributes
2020-02-23 15:54:23,715 [BaseCreateLabDeviceConnectivityManager.executorService pool-1-thread-1] DEBUG: edu.cmu.ri.createlab.usb.hid.windows.WindowsHIDDevice: WindowsHIDDevice.disconnect(): disconnected successfully
2020-02-23 15:54:23,740 [BaseCreateLabDeviceConnectivityManager.executorService pool-1-thread-1] ERROR: edu.cmu.ri.createlab.usb.hid.windows.WindowsHIDDevice: WindowsHIDDevice.readDeviceInfo(): CreateFile failed (WinError{id=5, name='Access Denied: access is denied'}), skipping this device
2020-02-23 15:54:23,765 [BaseCreateLabDeviceConnectivityManager.executorService pool-1-thread-1] ERROR: edu.cmu.ri.createlab.usb.hid.windows.WindowsHIDDevice: WindowsHIDDevice.disconnect(): Failed to disconnect.  Return was [false] and last error was [WinError{id=6, name='Invalid Handle: the handle is invalid'}]
2020-02-23 15:54:23,794 [BaseCreateLabDeviceConnectivityManager.executorService pool-1-thread-1] ERROR: edu.cmu.ri.createlab.usb.hid.windows.WindowsHIDDevice: WindowsHIDDevice.readDeviceInfo(): Failed to read device attributes
2020-02-23 15:54:23,820 [BaseCreateLabDeviceConnectivityManager.executorService pool-1-thread-1] DEBUG: edu.cmu.ri.createlab.usb.hid.windows.WindowsHIDDevice: WindowsHIDDevice.disconnect(): disconnected successfully
2020-02-23 15:54:23,850 [BaseCreateLabDeviceConnectivityManager.executorService pool-1-thread-1] ERROR: edu.cmu.ri.createlab.usb.hid.windows.WindowsHIDDevice: WindowsHIDDevice.readDeviceInfo(): CreateFile failed (WinError{id=5, name='Access Denied: access is denied'}), skipping this device
2020-02-23 15:54:23,878 [BaseCreateLabDeviceConnectivityManager.executorService pool-1-thread-1] ERROR: edu.cmu.ri.createlab.usb.hid.windows.WindowsHIDDevice: WindowsHIDDevice.disconnect(): Failed to disconnect.  Return was [false] and last error was [WinError{id=6, name='Invalid Handle: the handle is invalid'}]
2020-02-23 15:54:23,939 [BaseCreateLabDeviceConnectivityManager.executorService pool-1-thread-1] ERROR: edu.cmu.ri.createlab.usb.hid.windows.WindowsHIDDevice: WindowsHIDDevice.readDeviceInfo(): CreateFile failed (WinError{id=32, name='Sharing Violation: the process cannot access the file because it is being used by another process'}), skipping this device
2020-02-23 15:54:23,968 [BaseCreateLabDeviceConnectivityManager.executorService pool-1-thread-1] ERROR: edu.cmu.ri.createlab.usb.hid.windows.WindowsHIDDevice: WindowsHIDDevice.disconnect(): Failed to disconnect.  Return was [false] and last error was [WinError{id=6, name='Invalid Handle: the handle is invalid'}]
2020-02-23 15:54:23,993 [BaseCreateLabDeviceConnectivityManager.executorService pool-1-thread-1] ERROR: edu.cmu.ri.createlab.usb.hid.windows.WindowsHIDDevice: WindowsHIDDevice.readDeviceInfo(): Failed to read device attributes
2020-02-23 15:54:24,018 [BaseCreateLabDeviceConnectivityManager.executorService pool-1-thread-1] DEBUG: edu.cmu.ri.createlab.usb.hid.windows.WindowsHIDDevice: WindowsHIDDevice.disconnect(): disconnected successfully
2020-02-23 15:54:24,042 [BaseCreateLabDeviceConnectivityManager.executorService pool-1-thread-1] ERROR: edu.cmu.ri.createlab.usb.hid.windows.WindowsHIDDevice: WindowsHIDDevice.readDeviceInfo(): Failed to read device attributes
2020-02-23 15:54:24,068 [BaseCreateLabDeviceConnectivityManager.executorService pool-1-thread-1] DEBUG: edu.cmu.ri.createlab.usb.hid.windows.WindowsHIDDevice: WindowsHIDDevice.disconnect(): disconnected successfully
2020-02-23 15:54:24,096 [BaseCreateLabDeviceConnectivityManager.executorService pool-1-thread-1] ERROR: edu.cmu.ri.createlab.usb.hid.windows.WindowsHIDDevice: WindowsHIDDevice.readDeviceInfo(): Failed to read device attributes
2020-02-23 15:54:24,122 [BaseCreateLabDeviceConnectivityManager.executorService pool-1-thread-1] DEBUG: edu.cmu.ri.createlab.usb.hid.windows.WindowsHIDDevice: WindowsHIDDevice.disconnect(): disconnected successfully
2020-02-23 15:54:24,147 [BaseCreateLabDeviceConnectivityManager.executorService pool-1-thread-1] ERROR: edu.cmu.ri.createlab.usb.hid.windows.WindowsHIDDevice: WindowsHIDDevice.connect(): device not found
2020-02-23 15:54:24,171 [BaseCreateLabDeviceConnectivityManager.executorService pool-1-thread-1] ERROR: edu.cmu.ri.createlab.terk.robot.finch.DefaultFinchController: HIDDeviceNotFoundException while trying to connect to the Finch, returning null
edu.cmu.ri.createlab.usb.hid.HIDDeviceNotFoundException: Device with vendor ID [2354] and product ID [1111] not found.
	at edu.cmu.ri.createlab.usb.hid.windows.WindowsHIDDevice.connect(WindowsHIDDevice.java:321)
	at edu.cmu.ri.createlab.usb.hid.windows.WindowsHIDDevice.connectExclusively(WindowsHIDDevice.java:281)
	at edu.cmu.ri.createlab.terk.robot.finch.DefaultFinchController.create(DefaultFinchController.java:64)
	at edu.cmu.ri.createlab.device.connectivity.FinchConnectivityManager.scanForDeviceAndCreateProxy(FinchConnectivityManager.java:14)
	at edu.cmu.ri.createlab.device.connectivity.BaseCreateLabDeviceConnectivityManager$DeviceScanner.run(BaseCreateLabDeviceConnectivityManager.java:229)
	at java.base/java.util.concurrent.Executors$RunnableAdapter.call(Executors.java:515)
	at java.base/java.util.concurrent.FutureTask.run(FutureTask.java:264)
	at java.base/java.util.concurrent.ScheduledThreadPoolExecutor$ScheduledFutureTask.run(ScheduledThreadPoolExecutor.java:304)
	at java.base/java.util.concurrent.ThreadPoolExecutor.runWorker(ThreadPoolExecutor.java:1128)
	at java.base/java.util.concurrent.ThreadPoolExecutor$Worker.run(ThreadPoolExecutor.java:628)
	at java.base/java.lang.Thread.run(Thread.java:835)
2020-02-23 15:54:24,205 [BaseCreateLabDeviceConnectivityManager.executorService pool-1-thread-1] DEBUG: edu.cmu.ri.createlab.device.connectivity.BaseCreateLabDeviceConnectivityManager: CreateLabDeviceConnectivityManagerImpl$DeviceScanner.run(): connection failed
2020-02-23 15:54:24,229 [BaseCreateLabDeviceConnectivityManager.executorService pool-1-thread-1] DEBUG: edu.cmu.ri.createlab.device.connectivity.BaseCreateLabDeviceConnectivityManager: Failed to connect, but we're still in scan mode, so schedule a new scan
2020-02-23 15:54:25,254 [BaseCreateLabDeviceConnectivityManager.executorService pool-1-thread-1] DEBUG: edu.cmu.ri.createlab.device.connectivity.BaseCreateLabDeviceConnectivityManager: CreateLabDeviceConnectivityManagerImpl$DeviceScanner.run()
2020-02-23 15:54:25,279 [BaseCreateLabDeviceConnectivityManager.executorService pool-1-thread-1] DEBUG: edu.cmu.ri.createlab.terk.robot.finch.LocalFinchConnectionStrategy: LocalFinchConnectionStrategy.handleConnectionStateChange(): OLD [Scanning]  NEW [Scanning]  port []
2020-02-23 15:54:25,303 [BaseCreateLabDeviceConnectivityManager.executorService pool-1-thread-1] DEBUG: edu.cmu.ri.createlab.terk.robot.finch.DefaultFinchController: DefaultFinchController.create(): creating HID device for vendor ID [2354] and product ID [1111]
2020-02-23 15:54:25,327 [BaseCreateLabDeviceConnectivityManager.executorService pool-1-thread-1] DEBUG: edu.cmu.ri.createlab.terk.robot.finch.DefaultFinchController: DefaultFinchController.create(): attempting connection...
2020-02-23 15:54:25,353 [BaseCreateLabDeviceConnectivityManager.executorService pool-1-thread-1] ERROR: edu.cmu.ri.createlab.usb.hid.windows.WindowsHIDDevice: WindowsHIDDevice.readDeviceInfo(): CreateFile failed (WinError{id=5, name='Access Denied: access is denied'}), skipping this device
2020-02-23 15:54:25,378 [BaseCreateLabDeviceConnectivityManager.executorService pool-1-thread-1] ERROR: edu.cmu.ri.createlab.usb.hid.windows.WindowsHIDDevice: WindowsHIDDevice.disconnect(): Failed to disconnect because the file handle is null
2020-02-23 15:54:25,402 [BaseCreateLabDeviceConnectivityManager.executorService pool-1-thread-1] ERROR: edu.cmu.ri.createlab.usb.hid.windows.WindowsHIDDevice: WindowsHIDDevice.readDeviceInfo(): Failed to read device attributes
2020-02-23 15:54:25,426 [BaseCreateLabDeviceConnectivityManager.executorService pool-1-thread-1] DEBUG: edu.cmu.ri.createlab.usb.hid.windows.WindowsHIDDevice: WindowsHIDDevice.disconnect(): disconnected successfully
2020-02-23 15:54:25,450 [BaseCreateLabDeviceConnectivityManager.executorService pool-1-thread-1] ERROR: edu.cmu.ri.createlab.usb.hid.windows.WindowsHIDDevice: WindowsHIDDevice.readDeviceInfo(): Failed to read device attributes
2020-02-23 15:54:25,474 [BaseCreateLabDeviceConnectivityManager.executorService pool-1-thread-1] DEBUG: edu.cmu.ri.createlab.usb.hid.windows.WindowsHIDDevice: WindowsHIDDevice.disconnect(): disconnected successfully
2020-02-23 15:54:25,499 [BaseCreateLabDeviceConnectivityManager.executorService pool-1-thread-1] ERROR: edu.cmu.ri.createlab.usb.hid.windows.WindowsHIDDevice: WindowsHIDDevice.readDeviceInfo(): CreateFile failed (WinError{id=5, name='Access Denied: access is denied'}), skipping this device
2020-02-23 15:54:25,524 [BaseCreateLabDeviceConnectivityManager.executorService pool-1-thread-1] ERROR: edu.cmu.ri.createlab.usb.hid.windows.WindowsHIDDevice: WindowsHIDDevice.disconnect(): Failed to disconnect.  Return was [false] and last error was [WinError{id=6, name='Invalid Handle: the handle is invalid'}]
2020-02-23 15:54:25,550 [BaseCreateLabDeviceConnectivityManager.executorService pool-1-thread-1] ERROR: edu.cmu.ri.createlab.usb.hid.windows.WindowsHIDDevice: WindowsHIDDevice.readDeviceInfo(): Failed to read device attributes
2020-02-23 15:54:25,574 [BaseCreateLabDeviceConnectivityManager.executorService pool-1-thread-1] DEBUG: edu.cmu.ri.createlab.usb.hid.windows.WindowsHIDDevice: WindowsHIDDevice.disconnect(): disconnected successfully
2020-02-23 15:54:25,597 [BaseCreateLabDeviceConnectivityManager.executorService pool-1-thread-1] ERROR: edu.cmu.ri.createlab.usb.hid.windows.WindowsHIDDevice: WindowsHIDDevice.readDeviceInfo(): CreateFile failed (WinError{id=5, name='Access Denied: access is denied'}), skipping this device
2020-02-23 15:54:25,622 [BaseCreateLabDeviceConnectivityManager.executorService pool-1-thread-1] ERROR: edu.cmu.ri.createlab.usb.hid.windows.WindowsHIDDevice: WindowsHIDDevice.disconnect(): Failed to disconnect.  Return was [false] and last error was [WinError{id=6, name='Invalid Handle: the handle is invalid'}]
2020-02-23 15:54:25,647 [BaseCreateLabDeviceConnectivityManager.executorService pool-1-thread-1] ERROR: edu.cmu.ri.createlab.usb.hid.windows.WindowsHIDDevice: WindowsHIDDevice.readDeviceInfo(): CreateFile failed (WinError{id=32, name='Sharing Violation: the process cannot access the file because it is being used by another process'}), skipping this device
2020-02-23 15:54:25,671 [BaseCreateLabDeviceConnectivityManager.executorService pool-1-thread-1] ERROR: edu.cmu.ri.createlab.usb.hid.windows.WindowsHIDDevice: WindowsHIDDevice.disconnect(): Failed to disconnect.  Return was [false] and last error was [WinError{id=6, name='Invalid Handle: the handle is invalid'}]
2020-02-23 15:54:25,720 [BaseCreateLabDeviceConnectivityManager.executorService pool-1-thread-1] ERROR: edu.cmu.ri.createlab.usb.hid.windows.WindowsHIDDevice: WindowsHIDDevice.readDeviceInfo(): Failed to read device attributes
2020-02-23 15:54:25,755 [BaseCreateLabDeviceConnectivityManager.executorService pool-1-thread-1] DEBUG: edu.cmu.ri.createlab.usb.hid.windows.WindowsHIDDevice: WindowsHIDDevice.disconnect(): disconnected successfully
2020-02-23 15:54:25,779 [BaseCreateLabDeviceConnectivityManager.executorService pool-1-thread-1] ERROR: edu.cmu.ri.createlab.usb.hid.windows.WindowsHIDDevice: WindowsHIDDevice.readDeviceInfo(): Failed to read device attributes
2020-02-23 15:54:25,803 [BaseCreateLabDeviceConnectivityManager.executorService pool-1-thread-1] DEBUG: edu.cmu.ri.createlab.usb.hid.windows.WindowsHIDDevice: WindowsHIDDevice.disconnect(): disconnected successfully
2020-02-23 15:54:25,854 [BaseCreateLabDeviceConnectivityManager.executorService pool-1-thread-1] ERROR: edu.cmu.ri.createlab.usb.hid.windows.WindowsHIDDevice: WindowsHIDDevice.readDeviceInfo(): Failed to read device attributes
2020-02-23 15:54:25,881 [BaseCreateLabDeviceConnectivityManager.executorService pool-1-thread-1] DEBUG: edu.cmu.ri.createlab.usb.hid.windows.WindowsHIDDevice: WindowsHIDDevice.disconnect(): disconnected successfully
2020-02-23 15:54:25,905 [BaseCreateLabDeviceConnectivityManager.executorService pool-1-thread-1] ERROR: edu.cmu.ri.createlab.usb.hid.windows.WindowsHIDDevice: WindowsHIDDevice.connect(): device not found
2020-02-23 15:54:25,929 [BaseCreateLabDeviceConnectivityManager.executorService pool-1-thread-1] ERROR: edu.cmu.ri.createlab.terk.robot.finch.DefaultFinchController: HIDDeviceNotFoundException while trying to connect to the Finch, returning null
edu.cmu.ri.createlab.usb.hid.HIDDeviceNotFoundException: Device with vendor ID [2354] and product ID [1111] not found.
	at edu.cmu.ri.createlab.usb.hid.windows.WindowsHIDDevice.connect(WindowsHIDDevice.java:321)
	at edu.cmu.ri.createlab.usb.hid.windows.WindowsHIDDevice.connectExclusively(WindowsHIDDevice.java:281)
	at edu.cmu.ri.createlab.terk.robot.finch.DefaultFinchController.create(DefaultFinchController.java:64)
	at edu.cmu.ri.createlab.device.connectivity.FinchConnectivityManager.scanForDeviceAndCreateProxy(FinchConnectivityManager.java:14)
	at edu.cmu.ri.createlab.device.connectivity.BaseCreateLabDeviceConnectivityManager$DeviceScanner.run(BaseCreateLabDeviceConnectivityManager.java:229)
	at java.base/java.util.concurrent.Executors$RunnableAdapter.call(Executors.java:515)
	at java.base/java.util.concurrent.FutureTask.run(FutureTask.java:264)
	at java.base/java.util.concurrent.ScheduledThreadPoolExecutor$ScheduledFutureTask.run(ScheduledThreadPoolExecutor.java:304)
	at java.base/java.util.concurrent.ThreadPoolExecutor.runWorker(ThreadPoolExecutor.java:1128)
	at java.base/java.util.concurrent.ThreadPoolExecutor$Worker.run(ThreadPoolExecutor.java:628)
	at java.base/java.lang.Thread.run(Thread.java:835)
2020-02-23 15:54:25,963 [BaseCreateLabDeviceConnectivityManager.executorService pool-1-thread-1] DEBUG: edu.cmu.ri.createlab.device.connectivity.BaseCreateLabDeviceConnectivityManager: CreateLabDeviceConnectivityManagerImpl$DeviceScanner.run(): connection failed
2020-02-23 15:54:25,986 [BaseCreateLabDeviceConnectivityManager.executorService pool-1-thread-1] DEBUG: edu.cmu.ri.createlab.device.connectivity.BaseCreateLabDeviceConnectivityManager: Failed to connect, but we're still in scan mode, so schedule a new scan
2020-02-23 15:54:27,011 [BaseCreateLabDeviceConnectivityManager.executorService pool-1-thread-1] DEBUG: edu.cmu.ri.createlab.device.connectivity.BaseCreateLabDeviceConnectivityManager: CreateLabDeviceConnectivityManagerImpl$DeviceScanner.run()
2020-02-23 15:54:27,036 [BaseCreateLabDeviceConnectivityManager.executorService pool-1-thread-1] DEBUG: edu.cmu.ri.createlab.terk.robot.finch.LocalFinchConnectionStrategy: LocalFinchConnectionStrategy.handleConnectionStateChange(): OLD [Scanning]  NEW [Scanning]  port []
2020-02-23 15:54:27,061 [BaseCreateLabDeviceConnectivityManager.executorService pool-1-thread-1] DEBUG: edu.cmu.ri.createlab.terk.robot.finch.DefaultFinchController: DefaultFinchController.create(): creating HID device for vendor ID [2354] and product ID [1111]
2020-02-23 15:54:27,085 [BaseCreateLabDeviceConnectivityManager.executorService pool-1-thread-1] DEBUG: edu.cmu.ri.createlab.terk.robot.finch.DefaultFinchController: DefaultFinchController.create(): attempting connection...
2020-02-23 15:54:27,109 [BaseCreateLabDeviceConnectivityManager.executorService pool-1-thread-1] ERROR: edu.cmu.ri.createlab.usb.hid.windows.WindowsHIDDevice: WindowsHIDDevice.readDeviceInfo(): CreateFile failed (WinError{id=5, name='Access Denied: access is denied'}), skipping this device
2020-02-23 15:54:27,134 [BaseCreateLabDeviceConnectivityManager.executorService pool-1-thread-1] ERROR: edu.cmu.ri.createlab.usb.hid.windows.WindowsHIDDevice: WindowsHIDDevice.disconnect(): Failed to disconnect because the file handle is null
2020-02-23 15:54:27,159 [BaseCreateLabDeviceConnectivityManager.executorService pool-1-thread-1] ERROR: edu.cmu.ri.createlab.usb.hid.windows.WindowsHIDDevice: WindowsHIDDevice.readDeviceInfo(): Failed to read device attributes
2020-02-23 15:54:27,184 [BaseCreateLabDeviceConnectivityManager.executorService pool-1-thread-1] DEBUG: edu.cmu.ri.createlab.usb.hid.windows.WindowsHIDDevice: WindowsHIDDevice.disconnect(): disconnected successfully
2020-02-23 15:54:27,207 [BaseCreateLabDeviceConnectivityManager.executorService pool-1-thread-1] ERROR: edu.cmu.ri.createlab.usb.hid.windows.WindowsHIDDevice: WindowsHIDDevice.readDeviceInfo(): Failed to read device attributes
2020-02-23 15:54:27,232 [BaseCreateLabDeviceConnectivityManager.executorService pool-1-thread-1] DEBUG: edu.cmu.ri.createlab.usb.hid.windows.WindowsHIDDevice: WindowsHIDDevice.disconnect(): disconnected successfully
2020-02-23 15:54:27,256 [BaseCreateLabDeviceConnectivityManager.executorService pool-1-thread-1] ERROR: edu.cmu.ri.createlab.usb.hid.windows.WindowsHIDDevice: WindowsHIDDevice.readDeviceInfo(): CreateFile failed (WinError{id=5, name='Access Denied: access is denied'}), skipping this device
2020-02-23 15:54:27,281 [BaseCreateLabDeviceConnectivityManager.executorService pool-1-thread-1] ERROR: edu.cmu.ri.createlab.usb.hid.windows.WindowsHIDDevice: WindowsHIDDevice.disconnect(): Failed to disconnect.  Return was [false] and last error was [WinError{id=6, name='Invalid Handle: the handle is invalid'}]
2020-02-23 15:54:27,305 [BaseCreateLabDeviceConnectivityManager.executorService pool-1-thread-1] ERROR: edu.cmu.ri.createlab.usb.hid.windows.WindowsHIDDevice: WindowsHIDDevice.readDeviceInfo(): Failed to read device attributes
2020-02-23 15:54:27,330 [BaseCreateLabDeviceConnectivityManager.executorService pool-1-thread-1] DEBUG: edu.cmu.ri.createlab.usb.hid.windows.WindowsHIDDevice: WindowsHIDDevice.disconnect(): disconnected successfully
2020-02-23 15:54:27,355 [BaseCreateLabDeviceConnectivityManager.executorService pool-1-thread-1] ERROR: edu.cmu.ri.createlab.usb.hid.windows.WindowsHIDDevice: WindowsHIDDevice.readDeviceInfo(): CreateFile failed (WinError{id=5, name='Access Denied: access is denied'}), skipping this device
2020-02-23 15:54:27,379 [BaseCreateLabDeviceConnectivityManager.executorService pool-1-thread-1] ERROR: edu.cmu.ri.createlab.usb.hid.windows.WindowsHIDDevice: WindowsHIDDevice.disconnect(): Failed to disconnect.  Return was [false] and last error was [WinError{id=6, name='Invalid Handle: the handle is invalid'}]
2020-02-23 15:54:27,454 [BaseCreateLabDeviceConnectivityManager.executorService pool-1-thread-1] ERROR: edu.cmu.ri.createlab.usb.hid.windows.WindowsHIDDevice: WindowsHIDDevice.readDeviceInfo(): CreateFile failed (WinError{id=32, name='Sharing Violation: the process cannot access the file because it is being used by another process'}), skipping this device
2020-02-23 15:54:27,477 [BaseCreateLabDeviceConnectivityManager.executorService pool-1-thread-1] ERROR: edu.cmu.ri.createlab.usb.hid.windows.WindowsHIDDevice: WindowsHIDDevice.disconnect(): Failed to disconnect.  Return was [false] and last error was [WinError{id=6, name='Invalid Handle: the handle is invalid'}]
2020-02-23 15:54:27,502 [BaseCreateLabDeviceConnectivityManager.executorService pool-1-thread-1] ERROR: edu.cmu.ri.createlab.usb.hid.windows.WindowsHIDDevice: WindowsHIDDevice.readDeviceInfo(): Failed to read device attributes
2020-02-23 15:54:27,526 [BaseCreateLabDeviceConnectivityManager.executorService pool-1-thread-1] DEBUG: edu.cmu.ri.createlab.usb.hid.windows.WindowsHIDDevice: WindowsHIDDevice.disconnect(): disconnected successfully
2020-02-23 15:54:27,551 [BaseCreateLabDeviceConnectivityManager.executorService pool-1-thread-1] ERROR: edu.cmu.ri.createlab.usb.hid.windows.WindowsHIDDevice: WindowsHIDDevice.readDeviceInfo(): Failed to read device attributes
2020-02-23 15:54:27,576 [BaseCreateLabDeviceConnectivityManager.executorService pool-1-thread-1] DEBUG: edu.cmu.ri.createlab.usb.hid.windows.WindowsHIDDevice: WindowsHIDDevice.disconnect(): disconnected successfully
2020-02-23 15:54:27,605 [BaseCreateLabDeviceConnectivityManager.executorService pool-1-thread-1] ERROR: edu.cmu.ri.createlab.usb.hid.windows.WindowsHIDDevice: WindowsHIDDevice.readDeviceInfo(): Failed to read device attributes
2020-02-23 15:54:27,629 [BaseCreateLabDeviceConnectivityManager.executorService pool-1-thread-1] DEBUG: edu.cmu.ri.createlab.usb.hid.windows.WindowsHIDDevice: WindowsHIDDevice.disconnect(): disconnected successfully
2020-02-23 15:54:27,653 [BaseCreateLabDeviceConnectivityManager.executorService pool-1-thread-1] ERROR: edu.cmu.ri.createlab.usb.hid.windows.WindowsHIDDevice: WindowsHIDDevice.connect(): device not found
2020-02-23 15:54:27,678 [BaseCreateLabDeviceConnectivityManager.executorService pool-1-thread-1] ERROR: edu.cmu.ri.createlab.terk.robot.finch.DefaultFinchController: HIDDeviceNotFoundException while trying to connect to the Finch, returning null
edu.cmu.ri.createlab.usb.hid.HIDDeviceNotFoundException: Device with vendor ID [2354] and product ID [1111] not found.
	at edu.cmu.ri.createlab.usb.hid.windows.WindowsHIDDevice.connect(WindowsHIDDevice.java:321)
	at edu.cmu.ri.createlab.usb.hid.windows.WindowsHIDDevice.connectExclusively(WindowsHIDDevice.java:281)
	at edu.cmu.ri.createlab.terk.robot.finch.DefaultFinchController.create(DefaultFinchController.java:64)
	at edu.cmu.ri.createlab.device.connectivity.FinchConnectivityManager.scanForDeviceAndCreateProxy(FinchConnectivityManager.java:14)
	at edu.cmu.ri.createlab.device.connectivity.BaseCreateLabDeviceConnectivityManager$DeviceScanner.run(BaseCreateLabDeviceConnectivityManager.java:229)
	at java.base/java.util.concurrent.Executors$RunnableAdapter.call(Executors.java:515)
	at java.base/java.util.concurrent.FutureTask.run(FutureTask.java:264)
	at java.base/java.util.concurrent.ScheduledThreadPoolExecutor$ScheduledFutureTask.run(ScheduledThreadPoolExecutor.java:304)
	at java.base/java.util.concurrent.ThreadPoolExecutor.runWorker(ThreadPoolExecutor.java:1128)
	at java.base/java.util.concurrent.ThreadPoolExecutor$Worker.run(ThreadPoolExecutor.java:628)
	at java.base/java.lang.Thread.run(Thread.java:835)
2020-02-23 15:54:27,713 [BaseCreateLabDeviceConnectivityManager.executorService pool-1-thread-1] DEBUG: edu.cmu.ri.createlab.device.connectivity.BaseCreateLabDeviceConnectivityManager: CreateLabDeviceConnectivityManagerImpl$DeviceScanner.run(): connection failed
2020-02-23 15:54:27,737 [BaseCreateLabDeviceConnectivityManager.executorService pool-1-thread-1] DEBUG: edu.cmu.ri.createlab.device.connectivity.BaseCreateLabDeviceConnectivityManager: Failed to connect, but we're still in scan mode, so schedule a new scan
2020-02-23 15:54:28,763 [BaseCreateLabDeviceConnectivityManager.executorService pool-1-thread-1] DEBUG: edu.cmu.ri.createlab.device.connectivity.BaseCreateLabDeviceConnectivityManager: CreateLabDeviceConnectivityManagerImpl$DeviceScanner.run()
2020-02-23 15:54:28,786 [BaseCreateLabDeviceConnectivityManager.executorService pool-1-thread-1] DEBUG: edu.cmu.ri.createlab.terk.robot.finch.LocalFinchConnectionStrategy: LocalFinchConnectionStrategy.handleConnectionStateChange(): OLD [Scanning]  NEW [Scanning]  port []
2020-02-23 15:54:28,810 [BaseCreateLabDeviceConnectivityManager.executorService pool-1-thread-1] DEBUG: edu.cmu.ri.createlab.terk.robot.finch.DefaultFinchController: DefaultFinchController.create(): creating HID device for vendor ID [2354] and product ID [1111]
2020-02-23 15:54:28,833 [BaseCreateLabDeviceConnectivityManager.executorService pool-1-thread-1] DEBUG: edu.cmu.ri.createlab.terk.robot.finch.DefaultFinchController: DefaultFinchController.create(): attempting connection...
2020-02-23 15:54:28,858 [BaseCreateLabDeviceConnectivityManager.executorService pool-1-thread-1] ERROR: edu.cmu.ri.createlab.usb.hid.windows.WindowsHIDDevice: WindowsHIDDevice.readDeviceInfo(): CreateFile failed (WinError{id=5, name='Access Denied: access is denied'}), skipping this device
2020-02-23 15:54:28,883 [BaseCreateLabDeviceConnectivityManager.executorService pool-1-thread-1] ERROR: edu.cmu.ri.createlab.usb.hid.windows.WindowsHIDDevice: WindowsHIDDevice.disconnect(): Failed to disconnect because the file handle is null
2020-02-23 15:54:28,911 [BaseCreateLabDeviceConnectivityManager.executorService pool-1-thread-1] ERROR: edu.cmu.ri.createlab.usb.hid.windows.WindowsHIDDevice: WindowsHIDDevice.readDeviceInfo(): Failed to read device attributes
2020-02-23 15:54:28,934 [BaseCreateLabDeviceConnectivityManager.executorService pool-1-thread-1] DEBUG: edu.cmu.ri.createlab.usb.hid.windows.WindowsHIDDevice: WindowsHIDDevice.disconnect(): disconnected successfully
2020-02-23 15:54:28,959 [BaseCreateLabDeviceConnectivityManager.executorService pool-1-thread-1] ERROR: edu.cmu.ri.createlab.usb.hid.windows.WindowsHIDDevice: WindowsHIDDevice.readDeviceInfo(): Failed to read device attributes
2020-02-23 15:54:28,982 [BaseCreateLabDeviceConnectivityManager.executorService pool-1-thread-1] DEBUG: edu.cmu.ri.createlab.usb.hid.windows.WindowsHIDDevice: WindowsHIDDevice.disconnect(): disconnected successfully
2020-02-23 15:54:29,006 [BaseCreateLabDeviceConnectivityManager.executorService pool-1-thread-1] ERROR: edu.cmu.ri.createlab.usb.hid.windows.WindowsHIDDevice: WindowsHIDDevice.readDeviceInfo(): CreateFile failed (WinError{id=5, name='Access Denied: access is denied'}), skipping this device
2020-02-23 15:54:29,031 [BaseCreateLabDeviceConnectivityManager.executorService pool-1-thread-1] ERROR: edu.cmu.ri.createlab.usb.hid.windows.WindowsHIDDevice: WindowsHIDDevice.disconnect(): Failed to disconnect.  Return was [false] and last error was [WinError{id=6, name='Invalid Handle: the handle is invalid'}]
2020-02-23 15:54:29,058 [BaseCreateLabDeviceConnectivityManager.executorService pool-1-thread-1] ERROR: edu.cmu.ri.createlab.usb.hid.windows.WindowsHIDDevice: WindowsHIDDevice.readDeviceInfo(): Failed to read device attributes
2020-02-23 15:54:29,083 [BaseCreateLabDeviceConnectivityManager.executorService pool-1-thread-1] DEBUG: edu.cmu.ri.createlab.usb.hid.windows.WindowsHIDDevice: WindowsHIDDevice.disconnect(): disconnected successfully
2020-02-23 15:54:29,111 [BaseCreateLabDeviceConnectivityManager.executorService pool-1-thread-1] ERROR: edu.cmu.ri.createlab.usb.hid.windows.WindowsHIDDevice: WindowsHIDDevice.readDeviceInfo(): CreateFile failed (WinError{id=5, name='Access Denied: access is denied'}), skipping this device
2020-02-23 15:54:29,140 [BaseCreateLabDeviceConnectivityManager.executorService pool-1-thread-1] ERROR: edu.cmu.ri.createlab.usb.hid.windows.WindowsHIDDevice: WindowsHIDDevice.disconnect(): Failed to disconnect.  Return was [false] and last error was [WinError{id=6, name='Invalid Handle: the handle is invalid'}]
2020-02-23 15:54:29,171 [BaseCreateLabDeviceConnectivityManager.executorService pool-1-thread-1] ERROR: edu.cmu.ri.createlab.usb.hid.windows.WindowsHIDDevice: WindowsHIDDevice.readDeviceInfo(): CreateFile failed (WinError{id=32, name='Sharing Violation: the process cannot access the file because it is being used by another process'}), skipping this device
2020-02-23 15:54:29,196 [BaseCreateLabDeviceConnectivityManager.executorService pool-1-thread-1] ERROR: edu.cmu.ri.createlab.usb.hid.windows.WindowsHIDDevice: WindowsHIDDevice.disconnect(): Failed to disconnect.  Return was [false] and last error was [WinError{id=6, name='Invalid Handle: the handle is invalid'}]
2020-02-23 15:54:29,222 [BaseCreateLabDeviceConnectivityManager.executorService pool-1-thread-1] ERROR: edu.cmu.ri.createlab.usb.hid.windows.WindowsHIDDevice: WindowsHIDDevice.readDeviceInfo(): Failed to read device attributes
2020-02-23 15:54:29,248 [BaseCreateLabDeviceConnectivityManager.executorService pool-1-thread-1] DEBUG: edu.cmu.ri.createlab.usb.hid.windows.WindowsHIDDevice: WindowsHIDDevice.disconnect(): disconnected successfully
2020-02-23 15:54:29,271 [BaseCreateLabDeviceConnectivityManager.executorService pool-1-thread-1] ERROR: edu.cmu.ri.createlab.usb.hid.windows.WindowsHIDDevice: WindowsHIDDevice.readDeviceInfo(): Failed to read device attributes
2020-02-23 15:54:29,295 [BaseCreateLabDeviceConnectivityManager.executorService pool-1-thread-1] DEBUG: edu.cmu.ri.createlab.usb.hid.windows.WindowsHIDDevice: WindowsHIDDevice.disconnect(): disconnected successfully
2020-02-23 15:54:29,320 [BaseCreateLabDeviceConnectivityManager.executorService pool-1-thread-1] ERROR: edu.cmu.ri.createlab.usb.hid.windows.WindowsHIDDevice: WindowsHIDDevice.readDeviceInfo(): Failed to read device attributes
2020-02-23 15:54:29,345 [BaseCreateLabDeviceConnectivityManager.executorService pool-1-thread-1] DEBUG: edu.cmu.ri.createlab.usb.hid.windows.WindowsHIDDevice: WindowsHIDDevice.disconnect(): disconnected successfully
2020-02-23 15:54:29,369 [BaseCreateLabDeviceConnectivityManager.executorService pool-1-thread-1] ERROR: edu.cmu.ri.createlab.usb.hid.windows.WindowsHIDDevice: WindowsHIDDevice.connect(): device not found
2020-02-23 15:54:29,392 [BaseCreateLabDeviceConnectivityManager.executorService pool-1-thread-1] ERROR: edu.cmu.ri.createlab.terk.robot.finch.DefaultFinchController: HIDDeviceNotFoundException while trying to connect to the Finch, returning null
edu.cmu.ri.createlab.usb.hid.HIDDeviceNotFoundException: Device with vendor ID [2354] and product ID [1111] not found.
	at edu.cmu.ri.createlab.usb.hid.windows.WindowsHIDDevice.connect(WindowsHIDDevice.java:321)
	at edu.cmu.ri.createlab.usb.hid.windows.WindowsHIDDevice.connectExclusively(WindowsHIDDevice.java:281)
	at edu.cmu.ri.createlab.terk.robot.finch.DefaultFinchController.create(DefaultFinchController.java:64)
	at edu.cmu.ri.createlab.device.connectivity.FinchConnectivityManager.scanForDeviceAndCreateProxy(FinchConnectivityManager.java:14)
	at edu.cmu.ri.createlab.device.connectivity.BaseCreateLabDeviceConnectivityManager$DeviceScanner.run(BaseCreateLabDeviceConnectivityManager.java:229)
	at java.base/java.util.concurrent.Executors$RunnableAdapter.call(Executors.java:515)
	at java.base/java.util.concurrent.FutureTask.run(FutureTask.java:264)
	at java.base/java.util.concurrent.ScheduledThreadPoolExecutor$ScheduledFutureTask.run(ScheduledThreadPoolExecutor.java:304)
	at java.base/java.util.concurrent.ThreadPoolExecutor.runWorker(ThreadPoolExecutor.java:1128)
	at java.base/java.util.concurrent.ThreadPoolExecutor$Worker.run(ThreadPoolExecutor.java:628)
	at java.base/java.lang.Thread.run(Thread.java:835)
2020-02-23 15:54:29,426 [BaseCreateLabDeviceConnectivityManager.executorService pool-1-thread-1] DEBUG: edu.cmu.ri.createlab.device.connectivity.BaseCreateLabDeviceConnectivityManager: CreateLabDeviceConnectivityManagerImpl$DeviceScanner.run(): connection failed
2020-02-23 15:54:29,449 [BaseCreateLabDeviceConnectivityManager.executorService pool-1-thread-1] DEBUG: edu.cmu.ri.createlab.device.connectivity.BaseCreateLabDeviceConnectivityManager: Failed to connect, but we're still in scan mode, so schedule a new scan
2020-02-23 15:54:30,474 [BaseCreateLabDeviceConnectivityManager.executorService pool-1-thread-1] DEBUG: edu.cmu.ri.createlab.device.connectivity.BaseCreateLabDeviceConnectivityManager: CreateLabDeviceConnectivityManagerImpl$DeviceScanner.run()
2020-02-23 15:54:30,499 [BaseCreateLabDeviceConnectivityManager.executorService pool-1-thread-1] DEBUG: edu.cmu.ri.createlab.terk.robot.finch.LocalFinchConnectionStrategy: LocalFinchConnectionStrategy.handleConnectionStateChange(): OLD [Scanning]  NEW [Scanning]  port []
2020-02-23 15:54:30,523 [BaseCreateLabDeviceConnectivityManager.executorService pool-1-thread-1] DEBUG: edu.cmu.ri.createlab.terk.robot.finch.DefaultFinchController: DefaultFinchController.create(): creating HID device for vendor ID [2354] and product ID [1111]
2020-02-23 15:54:30,547 [BaseCreateLabDeviceConnectivityManager.executorService pool-1-thread-1] DEBUG: edu.cmu.ri.createlab.terk.robot.finch.DefaultFinchController: DefaultFinchController.create(): attempting connection...
2020-02-23 15:54:30,572 [BaseCreateLabDeviceConnectivityManager.executorService pool-1-thread-1] ERROR: edu.cmu.ri.createlab.usb.hid.windows.WindowsHIDDevice: WindowsHIDDevice.readDeviceInfo(): CreateFile failed (WinError{id=5, name='Access Denied: access is denied'}), skipping this device
2020-02-23 15:54:30,597 [BaseCreateLabDeviceConnectivityManager.executorService pool-1-thread-1] ERROR: edu.cmu.ri.createlab.usb.hid.windows.WindowsHIDDevice: WindowsHIDDevice.disconnect(): Failed to disconnect because the file handle is null
2020-02-23 15:54:30,621 [BaseCreateLabDeviceConnectivityManager.executorService pool-1-thread-1] ERROR: edu.cmu.ri.createlab.usb.hid.windows.WindowsHIDDevice: WindowsHIDDevice.readDeviceInfo(): Failed to read device attributes
2020-02-23 15:54:30,645 [BaseCreateLabDeviceConnectivityManager.executorService pool-1-thread-1] DEBUG: edu.cmu.ri.createlab.usb.hid.windows.WindowsHIDDevice: WindowsHIDDevice.disconnect(): disconnected successfully
2020-02-23 15:54:30,669 [BaseCreateLabDeviceConnectivityManager.executorService pool-1-thread-1] ERROR: edu.cmu.ri.createlab.usb.hid.windows.WindowsHIDDevice: WindowsHIDDevice.readDeviceInfo(): Failed to read device attributes
2020-02-23 15:54:30,693 [BaseCreateLabDeviceConnectivityManager.executorService pool-1-thread-1] DEBUG: edu.cmu.ri.createlab.usb.hid.windows.WindowsHIDDevice: WindowsHIDDevice.disconnect(): disconnected successfully
2020-02-23 15:54:30,717 [BaseCreateLabDeviceConnectivityManager.executorService pool-1-thread-1] ERROR: edu.cmu.ri.createlab.usb.hid.windows.WindowsHIDDevice: WindowsHIDDevice.readDeviceInfo(): CreateFile failed (WinError{id=5, name='Access Denied: access is denied'}), skipping this device
2020-02-23 15:54:30,742 [BaseCreateLabDeviceConnectivityManager.executorService pool-1-thread-1] ERROR: edu.cmu.ri.createlab.usb.hid.windows.WindowsHIDDevice: WindowsHIDDevice.disconnect(): Failed to disconnect.  Return was [false] and last error was [WinError{id=6, name='Invalid Handle: the handle is invalid'}]
2020-02-23 15:54:30,766 [BaseCreateLabDeviceConnectivityManager.executorService pool-1-thread-1] ERROR: edu.cmu.ri.createlab.usb.hid.windows.WindowsHIDDevice: WindowsHIDDevice.readDeviceInfo(): Failed to read device attributes
2020-02-23 15:54:30,789 [BaseCreateLabDeviceConnectivityManager.executorService pool-1-thread-1] DEBUG: edu.cmu.ri.createlab.usb.hid.windows.WindowsHIDDevice: WindowsHIDDevice.disconnect(): disconnected successfully
2020-02-23 15:54:30,813 [BaseCreateLabDeviceConnectivityManager.executorService pool-1-thread-1] ERROR: edu.cmu.ri.createlab.usb.hid.windows.WindowsHIDDevice: WindowsHIDDevice.readDeviceInfo(): CreateFile failed (WinError{id=5, name='Access Denied: access is denied'}), skipping this device
2020-02-23 15:54:30,838 [BaseCreateLabDeviceConnectivityManager.executorService pool-1-thread-1] ERROR: edu.cmu.ri.createlab.usb.hid.windows.WindowsHIDDevice: WindowsHIDDevice.disconnect(): Failed to disconnect.  Return was [false] and last error was [WinError{id=6, name='Invalid Handle: the handle is invalid'}]
2020-02-23 15:54:30,863 [BaseCreateLabDeviceConnectivityManager.executorService pool-1-thread-1] ERROR: edu.cmu.ri.createlab.usb.hid.windows.WindowsHIDDevice: WindowsHIDDevice.readDeviceInfo(): CreateFile failed (WinError{id=32, name='Sharing Violation: the process cannot access the file because it is being used by another process'}), skipping this device
2020-02-23 15:54:30,887 [BaseCreateLabDeviceConnectivityManager.executorService pool-1-thread-1] ERROR: edu.cmu.ri.createlab.usb.hid.windows.WindowsHIDDevice: WindowsHIDDevice.disconnect(): Failed to disconnect.  Return was [false] and last error was [WinError{id=6, name='Invalid Handle: the handle is invalid'}]
2020-02-23 15:54:30,910 [BaseCreateLabDeviceConnectivityManager.executorService pool-1-thread-1] ERROR: edu.cmu.ri.createlab.usb.hid.windows.WindowsHIDDevice: WindowsHIDDevice.readDeviceInfo(): Failed to read device attributes
2020-02-23 15:54:30,934 [BaseCreateLabDeviceConnectivityManager.executorService pool-1-thread-1] DEBUG: edu.cmu.ri.createlab.usb.hid.windows.WindowsHIDDevice: WindowsHIDDevice.disconnect(): disconnected successfully
2020-02-23 15:54:30,958 [BaseCreateLabDeviceConnectivityManager.executorService pool-1-thread-1] ERROR: edu.cmu.ri.createlab.usb.hid.windows.WindowsHIDDevice: WindowsHIDDevice.readDeviceInfo(): Failed to read device attributes
2020-02-23 15:54:30,982 [BaseCreateLabDeviceConnectivityManager.executorService pool-1-thread-1] DEBUG: edu.cmu.ri.createlab.usb.hid.windows.WindowsHIDDevice: WindowsHIDDevice.disconnect(): disconnected successfully
2020-02-23 15:54:31,007 [BaseCreateLabDeviceConnectivityManager.executorService pool-1-thread-1] ERROR: edu.cmu.ri.createlab.usb.hid.windows.WindowsHIDDevice: WindowsHIDDevice.readDeviceInfo(): Failed to read device attributes
2020-02-23 15:54:31,034 [BaseCreateLabDeviceConnectivityManager.executorService pool-1-thread-1] DEBUG: edu.cmu.ri.createlab.usb.hid.windows.WindowsHIDDevice: WindowsHIDDevice.disconnect(): disconnected successfully
2020-02-23 15:54:31,060 [BaseCreateLabDeviceConnectivityManager.executorService pool-1-thread-1] ERROR: edu.cmu.ri.createlab.usb.hid.windows.WindowsHIDDevice: WindowsHIDDevice.connect(): device not found
2020-02-23 15:54:31,084 [BaseCreateLabDeviceConnectivityManager.executorService pool-1-thread-1] ERROR: edu.cmu.ri.createlab.terk.robot.finch.DefaultFinchController: HIDDeviceNotFoundException while trying to connect to the Finch, returning null
edu.cmu.ri.createlab.usb.hid.HIDDeviceNotFoundException: Device with vendor ID [2354] and product ID [1111] not found.
	at edu.cmu.ri.createlab.usb.hid.windows.WindowsHIDDevice.connect(WindowsHIDDevice.java:321)
	at edu.cmu.ri.createlab.usb.hid.windows.WindowsHIDDevice.connectExclusively(WindowsHIDDevice.java:281)
	at edu.cmu.ri.createlab.terk.robot.finch.DefaultFinchController.create(DefaultFinchController.java:64)
	at edu.cmu.ri.createlab.device.connectivity.FinchConnectivityManager.scanForDeviceAndCreateProxy(FinchConnectivityManager.java:14)
	at edu.cmu.ri.createlab.device.connectivity.BaseCreateLabDeviceConnectivityManager$DeviceScanner.run(BaseCreateLabDeviceConnectivityManager.java:229)
	at java.base/java.util.concurrent.Executors$RunnableAdapter.call(Executors.java:515)
	at java.base/java.util.concurrent.FutureTask.run(FutureTask.java:264)
	at java.base/java.util.concurrent.ScheduledThreadPoolExecutor$ScheduledFutureTask.run(ScheduledThreadPoolExecutor.java:304)
	at java.base/java.util.concurrent.ThreadPoolExecutor.runWorker(ThreadPoolExecutor.java:1128)
	at java.base/java.util.concurrent.ThreadPoolExecutor$Worker.run(ThreadPoolExecutor.java:628)
	at java.base/java.lang.Thread.run(Thread.java:835)
2020-02-23 15:54:31,121 [BaseCreateLabDeviceConnectivityManager.executorService pool-1-thread-1] DEBUG: edu.cmu.ri.createlab.device.connectivity.BaseCreateLabDeviceConnectivityManager: CreateLabDeviceConnectivityManagerImpl$DeviceScanner.run(): connection failed
2020-02-23 15:54:31,149 [BaseCreateLabDeviceConnectivityManager.executorService pool-1-thread-1] DEBUG: edu.cmu.ri.createlab.device.connectivity.BaseCreateLabDeviceConnectivityManager: Failed to connect, but we're still in scan mode, so schedule a new scan
2020-02-23 15:54:32,185 [BaseCreateLabDeviceConnectivityManager.executorService pool-1-thread-1] DEBUG: edu.cmu.ri.createlab.device.connectivity.BaseCreateLabDeviceConnectivityManager: CreateLabDeviceConnectivityManagerImpl$DeviceScanner.run()
2020-02-23 15:54:32,209 [BaseCreateLabDeviceConnectivityManager.executorService pool-1-thread-1] DEBUG: edu.cmu.ri.createlab.terk.robot.finch.LocalFinchConnectionStrategy: LocalFinchConnectionStrategy.handleConnectionStateChange(): OLD [Scanning]  NEW [Scanning]  port []
2020-02-23 15:54:32,233 [BaseCreateLabDeviceConnectivityManager.executorService pool-1-thread-1] DEBUG: edu.cmu.ri.createlab.terk.robot.finch.DefaultFinchController: DefaultFinchController.create(): creating HID device for vendor ID [2354] and product ID [1111]
2020-02-23 15:54:32,256 [BaseCreateLabDeviceConnectivityManager.executorService pool-1-thread-1] DEBUG: edu.cmu.ri.createlab.terk.robot.finch.DefaultFinchController: DefaultFinchController.create(): attempting connection...
2020-02-23 15:54:32,282 [BaseCreateLabDeviceConnectivityManager.executorService pool-1-thread-1] ERROR: edu.cmu.ri.createlab.usb.hid.windows.WindowsHIDDevice: WindowsHIDDevice.readDeviceInfo(): CreateFile failed (WinError{id=5, name='Access Denied: access is denied'}), skipping this device
2020-02-23 15:54:32,308 [BaseCreateLabDeviceConnectivityManager.executorService pool-1-thread-1] ERROR: edu.cmu.ri.createlab.usb.hid.windows.WindowsHIDDevice: WindowsHIDDevice.disconnect(): Failed to disconnect because the file handle is null
2020-02-23 15:54:32,333 [BaseCreateLabDeviceConnectivityManager.executorService pool-1-thread-1] ERROR: edu.cmu.ri.createlab.usb.hid.windows.WindowsHIDDevice: WindowsHIDDevice.readDeviceInfo(): Failed to read device attributes
2020-02-23 15:54:32,356 [BaseCreateLabDeviceConnectivityManager.executorService pool-1-thread-1] DEBUG: edu.cmu.ri.createlab.usb.hid.windows.WindowsHIDDevice: WindowsHIDDevice.disconnect(): disconnected successfully
2020-02-23 15:54:32,410 [BaseCreateLabDeviceConnectivityManager.executorService pool-1-thread-1] ERROR: edu.cmu.ri.createlab.usb.hid.windows.WinError: WinError.findById(): Failed to find error code [127], returning UNKNOWN.
2020-02-23 15:54:32,434 [BaseCreateLabDeviceConnectivityManager.executorService pool-1-thread-1] ERROR: edu.cmu.ri.createlab.usb.hid.windows.WindowsHIDDevice: WindowsHIDDevice.readDeviceInfo(): Failed to read device attributes
2020-02-23 15:54:32,458 [BaseCreateLabDeviceConnectivityManager.executorService pool-1-thread-1] ERROR: edu.cmu.ri.createlab.usb.hid.windows.WinError: WinError.findById(): Failed to find error code [127], returning UNKNOWN.
2020-02-23 15:54:32,481 [BaseCreateLabDeviceConnectivityManager.executorService pool-1-thread-1] ERROR: edu.cmu.ri.createlab.usb.hid.windows.WindowsHIDDevice: WindowsHIDDevice.disconnect(): Failed to disconnect.  Return was [true] and last error was [WinError{id=-1, name='Unknown: unknown status'}]
2020-02-23 15:54:32,506 [BaseCreateLabDeviceConnectivityManager.executorService pool-1-thread-1] ERROR: edu.cmu.ri.createlab.usb.hid.windows.WindowsHIDDevice: WindowsHIDDevice.readDeviceInfo(): CreateFile failed (WinError{id=5, name='Access Denied: access is denied'}), skipping this device
2020-02-23 15:54:32,529 [BaseCreateLabDeviceConnectivityManager.executorService pool-1-thread-1] ERROR: edu.cmu.ri.createlab.usb.hid.windows.WindowsHIDDevice: WindowsHIDDevice.disconnect(): Failed to disconnect.  Return was [false] and last error was [WinError{id=6, name='Invalid Handle: the handle is invalid'}]
2020-02-23 15:54:32,554 [BaseCreateLabDeviceConnectivityManager.executorService pool-1-thread-1] ERROR: edu.cmu.ri.createlab.usb.hid.windows.WindowsHIDDevice: WindowsHIDDevice.readDeviceInfo(): Failed to read device attributes
2020-02-23 15:54:32,577 [BaseCreateLabDeviceConnectivityManager.executorService pool-1-thread-1] DEBUG: edu.cmu.ri.createlab.usb.hid.windows.WindowsHIDDevice: WindowsHIDDevice.disconnect(): disconnected successfully
2020-02-23 15:54:32,601 [BaseCreateLabDeviceConnectivityManager.executorService pool-1-thread-1] ERROR: edu.cmu.ri.createlab.usb.hid.windows.WindowsHIDDevice: WindowsHIDDevice.readDeviceInfo(): CreateFile failed (WinError{id=5, name='Access Denied: access is denied'}), skipping this device
2020-02-23 15:54:32,624 [BaseCreateLabDeviceConnectivityManager.executorService pool-1-thread-1] ERROR: edu.cmu.ri.createlab.usb.hid.windows.WindowsHIDDevice: WindowsHIDDevice.disconnect(): Failed to disconnect.  Return was [false] and last error was [WinError{id=6, name='Invalid Handle: the handle is invalid'}]
2020-02-23 15:54:32,648 [BaseCreateLabDeviceConnectivityManager.executorService pool-1-thread-1] ERROR: edu.cmu.ri.createlab.usb.hid.windows.WindowsHIDDevice: WindowsHIDDevice.readDeviceInfo(): CreateFile failed (WinError{id=32, name='Sharing Violation: the process cannot access the file because it is being used by another process'}), skipping this device
2020-02-23 15:54:32,672 [BaseCreateLabDeviceConnectivityManager.executorService pool-1-thread-1] ERROR: edu.cmu.ri.createlab.usb.hid.windows.WindowsHIDDevice: WindowsHIDDevice.disconnect(): Failed to disconnect.  Return was [false] and last error was [WinError{id=6, name='Invalid Handle: the handle is invalid'}]
2020-02-23 15:54:32,696 [BaseCreateLabDeviceConnectivityManager.executorService pool-1-thread-1] ERROR: edu.cmu.ri.createlab.usb.hid.windows.WindowsHIDDevice: WindowsHIDDevice.readDeviceInfo(): Failed to read device attributes
2020-02-23 15:54:32,720 [BaseCreateLabDeviceConnectivityManager.executorService pool-1-thread-1] DEBUG: edu.cmu.ri.createlab.usb.hid.windows.WindowsHIDDevice: WindowsHIDDevice.disconnect(): disconnected successfully
2020-02-23 15:54:32,744 [BaseCreateLabDeviceConnectivityManager.executorService pool-1-thread-1] ERROR: edu.cmu.ri.createlab.usb.hid.windows.WindowsHIDDevice: WindowsHIDDevice.readDeviceInfo(): Failed to read device attributes
2020-02-23 15:54:32,768 [BaseCreateLabDeviceConnectivityManager.executorService pool-1-thread-1] DEBUG: edu.cmu.ri.createlab.usb.hid.windows.WindowsHIDDevice: WindowsHIDDevice.disconnect(): disconnected successfully
2020-02-23 15:54:32,792 [BaseCreateLabDeviceConnectivityManager.executorService pool-1-thread-1] ERROR: edu.cmu.ri.createlab.usb.hid.windows.WindowsHIDDevice: WindowsHIDDevice.readDeviceInfo(): Failed to read device attributes
2020-02-23 15:54:32,816 [BaseCreateLabDeviceConnectivityManager.executorService pool-1-thread-1] DEBUG: edu.cmu.ri.createlab.usb.hid.windows.WindowsHIDDevice: WindowsHIDDevice.disconnect(): disconnected successfully
2020-02-23 15:54:32,840 [BaseCreateLabDeviceConnectivityManager.executorService pool-1-thread-1] ERROR: edu.cmu.ri.createlab.usb.hid.windows.WindowsHIDDevice: WindowsHIDDevice.connect(): device not found
2020-02-23 15:54:32,863 [BaseCreateLabDeviceConnectivityManager.executorService pool-1-thread-1] ERROR: edu.cmu.ri.createlab.terk.robot.finch.DefaultFinchController: HIDDeviceNotFoundException while trying to connect to the Finch, returning null
edu.cmu.ri.createlab.usb.hid.HIDDeviceNotFoundException: Device with vendor ID [2354] and product ID [1111] not found.
	at edu.cmu.ri.createlab.usb.hid.windows.WindowsHIDDevice.connect(WindowsHIDDevice.java:321)
	at edu.cmu.ri.createlab.usb.hid.windows.WindowsHIDDevice.connectExclusively(WindowsHIDDevice.java:281)
	at edu.cmu.ri.createlab.terk.robot.finch.DefaultFinchController.create(DefaultFinchController.java:64)
	at edu.cmu.ri.createlab.device.connectivity.FinchConnectivityManager.scanForDeviceAndCreateProxy(FinchConnectivityManager.java:14)
	at edu.cmu.ri.createlab.device.connectivity.BaseCreateLabDeviceConnectivityManager$DeviceScanner.run(BaseCreateLabDeviceConnectivityManager.java:229)
	at java.base/java.util.concurrent.Executors$RunnableAdapter.call(Executors.java:515)
	at java.base/java.util.concurrent.FutureTask.run(FutureTask.java:264)
	at java.base/java.util.concurrent.ScheduledThreadPoolExecutor$ScheduledFutureTask.run(ScheduledThreadPoolExecutor.java:304)
	at java.base/java.util.concurrent.ThreadPoolExecutor.runWorker(ThreadPoolExecutor.java:1128)
	at java.base/java.util.concurrent.ThreadPoolExecutor$Worker.run(ThreadPoolExecutor.java:628)
	at java.base/java.lang.Thread.run(Thread.java:835)
2020-02-23 15:54:32,898 [BaseCreateLabDeviceConnectivityManager.executorService pool-1-thread-1] DEBUG: edu.cmu.ri.createlab.device.connectivity.BaseCreateLabDeviceConnectivityManager: CreateLabDeviceConnectivityManagerImpl$DeviceScanner.run(): connection failed
2020-02-23 15:54:32,921 [BaseCreateLabDeviceConnectivityManager.executorService pool-1-thread-1] DEBUG: edu.cmu.ri.createlab.device.connectivity.BaseCreateLabDeviceConnectivityManager: Failed to connect, but we're still in scan mode, so schedule a new scan
2020-02-23 15:54:33,947 [BaseCreateLabDeviceConnectivityManager.executorService pool-1-thread-1] DEBUG: edu.cmu.ri.createlab.device.connectivity.BaseCreateLabDeviceConnectivityManager: CreateLabDeviceConnectivityManagerImpl$DeviceScanner.run()
2020-02-23 15:54:33,970 [BaseCreateLabDeviceConnectivityManager.executorService pool-1-thread-1] DEBUG: edu.cmu.ri.createlab.terk.robot.finch.LocalFinchConnectionStrategy: LocalFinchConnectionStrategy.handleConnectionStateChange(): OLD [Scanning]  NEW [Scanning]  port []
2020-02-23 15:54:33,997 [BaseCreateLabDeviceConnectivityManager.executorService pool-1-thread-1] DEBUG: edu.cmu.ri.createlab.terk.robot.finch.DefaultFinchController: DefaultFinchController.create(): creating HID device for vendor ID [2354] and product ID [1111]
2020-02-23 15:54:34,024 [BaseCreateLabDeviceConnectivityManager.executorService pool-1-thread-1] DEBUG: edu.cmu.ri.createlab.terk.robot.finch.DefaultFinchController: DefaultFinchController.create(): attempting connection...
2020-02-23 15:54:34,084 [BaseCreateLabDeviceConnectivityManager.executorService pool-1-thread-1] ERROR: edu.cmu.ri.createlab.usb.hid.windows.WindowsHIDDevice: WindowsHIDDevice.readDeviceInfo(): CreateFile failed (WinError{id=5, name='Access Denied: access is denied'}), skipping this device
2020-02-23 15:54:34,110 [BaseCreateLabDeviceConnectivityManager.executorService pool-1-thread-1] ERROR: edu.cmu.ri.createlab.usb.hid.windows.WindowsHIDDevice: WindowsHIDDevice.disconnect(): Failed to disconnect because the file handle is null
2020-02-23 15:54:34,138 [BaseCreateLabDeviceConnectivityManager.executorService pool-1-thread-1] ERROR: edu.cmu.ri.createlab.usb.hid.windows.WindowsHIDDevice: WindowsHIDDevice.readDeviceInfo(): Failed to read device attributes
2020-02-23 15:54:34,162 [BaseCreateLabDeviceConnectivityManager.executorService pool-1-thread-1] DEBUG: edu.cmu.ri.createlab.usb.hid.windows.WindowsHIDDevice: WindowsHIDDevice.disconnect(): disconnected successfully
2020-02-23 15:54:34,196 [BaseCreateLabDeviceConnectivityManager.executorService pool-1-thread-1] ERROR: edu.cmu.ri.createlab.usb.hid.windows.WindowsHIDDevice: WindowsHIDDevice.readDeviceInfo(): Failed to read device attributes
2020-02-23 15:54:34,221 [BaseCreateLabDeviceConnectivityManager.executorService pool-1-thread-1] DEBUG: edu.cmu.ri.createlab.usb.hid.windows.WindowsHIDDevice: WindowsHIDDevice.disconnect(): disconnected successfully
2020-02-23 15:54:34,249 [BaseCreateLabDeviceConnectivityManager.executorService pool-1-thread-1] ERROR: edu.cmu.ri.createlab.usb.hid.windows.WindowsHIDDevice: WindowsHIDDevice.readDeviceInfo(): CreateFile failed (WinError{id=5, name='Access Denied: access is denied'}), skipping this device
2020-02-23 15:54:34,276 [BaseCreateLabDeviceConnectivityManager.executorService pool-1-thread-1] ERROR: edu.cmu.ri.createlab.usb.hid.windows.WindowsHIDDevice: WindowsHIDDevice.disconnect(): Failed to disconnect.  Return was [false] and last error was [WinError{id=6, name='Invalid Handle: the handle is invalid'}]
2020-02-23 15:54:34,305 [BaseCreateLabDeviceConnectivityManager.executorService pool-1-thread-1] ERROR: edu.cmu.ri.createlab.usb.hid.windows.WindowsHIDDevice: WindowsHIDDevice.readDeviceInfo(): Failed to read device attributes
2020-02-23 15:54:34,332 [BaseCreateLabDeviceConnectivityManager.executorService pool-1-thread-1] DEBUG: edu.cmu.ri.createlab.usb.hid.windows.WindowsHIDDevice: WindowsHIDDevice.disconnect(): disconnected successfully
2020-02-23 15:54:34,357 [BaseCreateLabDeviceConnectivityManager.executorService pool-1-thread-1] ERROR: edu.cmu.ri.createlab.usb.hid.windows.WindowsHIDDevice: WindowsHIDDevice.readDeviceInfo(): CreateFile failed (WinError{id=5, name='Access Denied: access is denied'}), skipping this device
2020-02-23 15:54:34,382 [BaseCreateLabDeviceConnectivityManager.executorService pool-1-thread-1] ERROR: edu.cmu.ri.createlab.usb.hid.windows.WindowsHIDDevice: WindowsHIDDevice.disconnect(): Failed to disconnect.  Return was [false] and last error was [WinError{id=6, name='Invalid Handle: the handle is invalid'}]
2020-02-23 15:54:34,408 [BaseCreateLabDeviceConnectivityManager.executorService pool-1-thread-1] ERROR: edu.cmu.ri.createlab.usb.hid.windows.WindowsHIDDevice: WindowsHIDDevice.readDeviceInfo(): CreateFile failed (WinError{id=32, name='Sharing Violation: the process cannot access the file because it is being used by another process'}), skipping this device
2020-02-23 15:54:34,433 [BaseCreateLabDeviceConnectivityManager.executorService pool-1-thread-1] ERROR: edu.cmu.ri.createlab.usb.hid.windows.WindowsHIDDevice: WindowsHIDDevice.disconnect(): Failed to disconnect.  Return was [false] and last error was [WinError{id=6, name='Invalid Handle: the handle is invalid'}]
2020-02-23 15:54:34,457 [BaseCreateLabDeviceConnectivityManager.executorService pool-1-thread-1] ERROR: edu.cmu.ri.createlab.usb.hid.windows.WindowsHIDDevice: WindowsHIDDevice.readDeviceInfo(): Failed to read device attributes
2020-02-23 15:54:34,481 [BaseCreateLabDeviceConnectivityManager.executorService pool-1-thread-1] DEBUG: edu.cmu.ri.createlab.usb.hid.windows.WindowsHIDDevice: WindowsHIDDevice.disconnect(): disconnected successfully
2020-02-23 15:54:34,507 [BaseCreateLabDeviceConnectivityManager.executorService pool-1-thread-1] ERROR: edu.cmu.ri.createlab.usb.hid.windows.WindowsHIDDevice: WindowsHIDDevice.readDeviceInfo(): Failed to read device attributes
2020-02-23 15:54:34,531 [BaseCreateLabDeviceConnectivityManager.executorService pool-1-thread-1] DEBUG: edu.cmu.ri.createlab.usb.hid.windows.WindowsHIDDevice: WindowsHIDDevice.disconnect(): disconnected successfully
2020-02-23 15:54:34,557 [BaseCreateLabDeviceConnectivityManager.executorService pool-1-thread-1] ERROR: edu.cmu.ri.createlab.usb.hid.windows.WindowsHIDDevice: WindowsHIDDevice.readDeviceInfo(): Failed to read device attributes
2020-02-23 15:54:34,581 [BaseCreateLabDeviceConnectivityManager.executorService pool-1-thread-1] DEBUG: edu.cmu.ri.createlab.usb.hid.windows.WindowsHIDDevice: WindowsHIDDevice.disconnect(): disconnected successfully
2020-02-23 15:54:34,605 [BaseCreateLabDeviceConnectivityManager.executorService pool-1-thread-1] ERROR: edu.cmu.ri.createlab.usb.hid.windows.WindowsHIDDevice: WindowsHIDDevice.connect(): device not found
2020-02-23 15:54:34,630 [BaseCreateLabDeviceConnectivityManager.executorService pool-1-thread-1] ERROR: edu.cmu.ri.createlab.terk.robot.finch.DefaultFinchController: HIDDeviceNotFoundException while trying to connect to the Finch, returning null
edu.cmu.ri.createlab.usb.hid.HIDDeviceNotFoundException: Device with vendor ID [2354] and product ID [1111] not found.
	at edu.cmu.ri.createlab.usb.hid.windows.WindowsHIDDevice.connect(WindowsHIDDevice.java:321)
	at edu.cmu.ri.createlab.usb.hid.windows.WindowsHIDDevice.connectExclusively(WindowsHIDDevice.java:281)
	at edu.cmu.ri.createlab.terk.robot.finch.DefaultFinchController.create(DefaultFinchController.java:64)
	at edu.cmu.ri.createlab.device.connectivity.FinchConnectivityManager.scanForDeviceAndCreateProxy(FinchConnectivityManager.java:14)
	at edu.cmu.ri.createlab.device.connectivity.BaseCreateLabDeviceConnectivityManager$DeviceScanner.run(BaseCreateLabDeviceConnectivityManager.java:229)
	at java.base/java.util.concurrent.Executors$RunnableAdapter.call(Executors.java:515)
	at java.base/java.util.concurrent.FutureTask.run(FutureTask.java:264)
	at java.base/java.util.concurrent.ScheduledThreadPoolExecutor$ScheduledFutureTask.run(ScheduledThreadPoolExecutor.java:304)
	at java.base/java.util.concurrent.ThreadPoolExecutor.runWorker(ThreadPoolExecutor.java:1128)
	at java.base/java.util.concurrent.ThreadPoolExecutor$Worker.run(ThreadPoolExecutor.java:628)
	at java.base/java.lang.Thread.run(Thread.java:835)
2020-02-23 15:54:34,664 [BaseCreateLabDeviceConnectivityManager.executorService pool-1-thread-1] DEBUG: edu.cmu.ri.createlab.device.connectivity.BaseCreateLabDeviceConnectivityManager: CreateLabDeviceConnectivityManagerImpl$DeviceScanner.run(): connection failed
2020-02-23 15:54:34,688 [BaseCreateLabDeviceConnectivityManager.executorService pool-1-thread-1] DEBUG: edu.cmu.ri.createlab.device.connectivity.BaseCreateLabDeviceConnectivityManager: Failed to connect, but we're still in scan mode, so schedule a new scan
2020-02-23 15:54:35,713 [BaseCreateLabDeviceConnectivityManager.executorService pool-1-thread-1] DEBUG: edu.cmu.ri.createlab.device.connectivity.BaseCreateLabDeviceConnectivityManager: CreateLabDeviceConnectivityManagerImpl$DeviceScanner.run()
2020-02-23 15:54:35,736 [BaseCreateLabDeviceConnectivityManager.executorService pool-1-thread-1] DEBUG: edu.cmu.ri.createlab.terk.robot.finch.LocalFinchConnectionStrategy: LocalFinchConnectionStrategy.handleConnectionStateChange(): OLD [Scanning]  NEW [Scanning]  port []
2020-02-23 15:54:35,760 [BaseCreateLabDeviceConnectivityManager.executorService pool-1-thread-1] DEBUG: edu.cmu.ri.createlab.terk.robot.finch.DefaultFinchController: DefaultFinchController.create(): creating HID device for vendor ID [2354] and product ID [1111]
2020-02-23 15:54:35,785 [BaseCreateLabDeviceConnectivityManager.executorService pool-1-thread-1] DEBUG: edu.cmu.ri.createlab.terk.robot.finch.DefaultFinchController: DefaultFinchController.create(): attempting connection...
2020-02-23 15:54:35,809 [BaseCreateLabDeviceConnectivityManager.executorService pool-1-thread-1] ERROR: edu.cmu.ri.createlab.usb.hid.windows.WindowsHIDDevice: WindowsHIDDevice.readDeviceInfo(): CreateFile failed (WinError{id=5, name='Access Denied: access is denied'}), skipping this device
2020-02-23 15:54:35,833 [BaseCreateLabDeviceConnectivityManager.executorService pool-1-thread-1] ERROR: edu.cmu.ri.createlab.usb.hid.windows.WindowsHIDDevice: WindowsHIDDevice.disconnect(): Failed to disconnect because the file handle is null
2020-02-23 15:54:35,857 [BaseCreateLabDeviceConnectivityManager.executorService pool-1-thread-1] ERROR: edu.cmu.ri.createlab.usb.hid.windows.WindowsHIDDevice: WindowsHIDDevice.readDeviceInfo(): Failed to read device attributes
2020-02-23 15:54:35,881 [BaseCreateLabDeviceConnectivityManager.executorService pool-1-thread-1] DEBUG: edu.cmu.ri.createlab.usb.hid.windows.WindowsHIDDevice: WindowsHIDDevice.disconnect(): disconnected successfully
2020-02-23 15:54:35,906 [BaseCreateLabDeviceConnectivityManager.executorService pool-1-thread-1] ERROR: edu.cmu.ri.createlab.usb.hid.windows.WindowsHIDDevice: WindowsHIDDevice.readDeviceInfo(): Failed to read device attributes
2020-02-23 15:54:35,931 [BaseCreateLabDeviceConnectivityManager.executorService pool-1-thread-1] DEBUG: edu.cmu.ri.createlab.usb.hid.windows.WindowsHIDDevice: WindowsHIDDevice.disconnect(): disconnected successfully
2020-02-23 15:54:35,954 [BaseCreateLabDeviceConnectivityManager.executorService pool-1-thread-1] ERROR: edu.cmu.ri.createlab.usb.hid.windows.WindowsHIDDevice: WindowsHIDDevice.readDeviceInfo(): CreateFile failed (WinError{id=5, name='Access Denied: access is denied'}), skipping this device
2020-02-23 15:54:35,978 [BaseCreateLabDeviceConnectivityManager.executorService pool-1-thread-1] ERROR: edu.cmu.ri.createlab.usb.hid.windows.WindowsHIDDevice: WindowsHIDDevice.disconnect(): Failed to disconnect.  Return was [false] and last error was [WinError{id=6, name='Invalid Handle: the handle is invalid'}]
2020-02-23 15:54:36,003 [BaseCreateLabDeviceConnectivityManager.executorService pool-1-thread-1] ERROR: edu.cmu.ri.createlab.usb.hid.windows.WindowsHIDDevice: WindowsHIDDevice.readDeviceInfo(): Failed to read device attributes
2020-02-23 15:54:36,026 [BaseCreateLabDeviceConnectivityManager.executorService pool-1-thread-1] DEBUG: edu.cmu.ri.createlab.usb.hid.windows.WindowsHIDDevice: WindowsHIDDevice.disconnect(): disconnected successfully
2020-02-23 15:54:36,051 [BaseCreateLabDeviceConnectivityManager.executorService pool-1-thread-1] ERROR: edu.cmu.ri.createlab.usb.hid.windows.WindowsHIDDevice: WindowsHIDDevice.readDeviceInfo(): CreateFile failed (WinError{id=5, name='Access Denied: access is denied'}), skipping this device
2020-02-23 15:54:36,075 [BaseCreateLabDeviceConnectivityManager.executorService pool-1-thread-1] ERROR: edu.cmu.ri.createlab.usb.hid.windows.WindowsHIDDevice: WindowsHIDDevice.disconnect(): Failed to disconnect.  Return was [false] and last error was [WinError{id=6, name='Invalid Handle: the handle is invalid'}]
2020-02-23 15:54:36,106 [BaseCreateLabDeviceConnectivityManager.executorService pool-1-thread-1] ERROR: edu.cmu.ri.createlab.usb.hid.windows.WindowsHIDDevice: WindowsHIDDevice.readDeviceInfo(): CreateFile failed (WinError{id=32, name='Sharing Violation: the process cannot access the file because it is being used by another process'}), skipping this device
2020-02-23 15:54:36,130 [BaseCreateLabDeviceConnectivityManager.executorService pool-1-thread-1] ERROR: edu.cmu.ri.createlab.usb.hid.windows.WindowsHIDDevice: WindowsHIDDevice.disconnect(): Failed to disconnect.  Return was [false] and last error was [WinError{id=6, name='Invalid Handle: the handle is invalid'}]
2020-02-23 15:54:36,185 [BaseCreateLabDeviceConnectivityManager.executorService pool-1-thread-1] ERROR: edu.cmu.ri.createlab.usb.hid.windows.WindowsHIDDevice: WindowsHIDDevice.readDeviceInfo(): Failed to read device attributes
2020-02-23 15:54:36,209 [BaseCreateLabDeviceConnectivityManager.executorService pool-1-thread-1] DEBUG: edu.cmu.ri.createlab.usb.hid.windows.WindowsHIDDevice: WindowsHIDDevice.disconnect(): disconnected successfully
2020-02-23 15:54:36,256 [BaseCreateLabDeviceConnectivityManager.executorService pool-1-thread-1] ERROR: edu.cmu.ri.createlab.usb.hid.windows.WindowsHIDDevice: WindowsHIDDevice.readDeviceInfo(): Failed to read device attributes
2020-02-23 15:54:36,282 [BaseCreateLabDeviceConnectivityManager.executorService pool-1-thread-1] DEBUG: edu.cmu.ri.createlab.usb.hid.windows.WindowsHIDDevice: WindowsHIDDevice.disconnect(): disconnected successfully
2020-02-23 15:54:36,309 [BaseCreateLabDeviceConnectivityManager.executorService pool-1-thread-1] ERROR: edu.cmu.ri.createlab.usb.hid.windows.WindowsHIDDevice: WindowsHIDDevice.readDeviceInfo(): Failed to read device attributes
2020-02-23 15:54:36,340 [BaseCreateLabDeviceConnectivityManager.executorService pool-1-thread-1] DEBUG: edu.cmu.ri.createlab.usb.hid.windows.WindowsHIDDevice: WindowsHIDDevice.disconnect(): disconnected successfully
2020-02-23 15:54:36,372 [BaseCreateLabDeviceConnectivityManager.executorService pool-1-thread-1] ERROR: edu.cmu.ri.createlab.usb.hid.windows.WindowsHIDDevice: WindowsHIDDevice.connect(): device not found
2020-02-23 15:54:36,397 [BaseCreateLabDeviceConnectivityManager.executorService pool-1-thread-1] ERROR: edu.cmu.ri.createlab.terk.robot.finch.DefaultFinchController: HIDDeviceNotFoundException while trying to connect to the Finch, returning null
edu.cmu.ri.createlab.usb.hid.HIDDeviceNotFoundException: Device with vendor ID [2354] and product ID [1111] not found.
	at edu.cmu.ri.createlab.usb.hid.windows.WindowsHIDDevice.connect(WindowsHIDDevice.java:321)
	at edu.cmu.ri.createlab.usb.hid.windows.WindowsHIDDevice.connectExclusively(WindowsHIDDevice.java:281)
	at edu.cmu.ri.createlab.terk.robot.finch.DefaultFinchController.create(DefaultFinchController.java:64)
	at edu.cmu.ri.createlab.device.connectivity.FinchConnectivityManager.scanForDeviceAndCreateProxy(FinchConnectivityManager.java:14)
	at edu.cmu.ri.createlab.device.connectivity.BaseCreateLabDeviceConnectivityManager$DeviceScanner.run(BaseCreateLabDeviceConnectivityManager.java:229)
	at java.base/java.util.concurrent.Executors$RunnableAdapter.call(Executors.java:515)
	at java.base/java.util.concurrent.FutureTask.run(FutureTask.java:264)
	at java.base/java.util.concurrent.ScheduledThreadPoolExecutor$ScheduledFutureTask.run(ScheduledThreadPoolExecutor.java:304)
	at java.base/java.util.concurrent.ThreadPoolExecutor.runWorker(ThreadPoolExecutor.java:1128)
	at java.base/java.util.concurrent.ThreadPoolExecutor$Worker.run(ThreadPoolExecutor.java:628)
	at java.base/java.lang.Thread.run(Thread.java:835)
2020-02-23 15:54:36,434 [BaseCreateLabDeviceConnectivityManager.executorService pool-1-thread-1] DEBUG: edu.cmu.ri.createlab.device.connectivity.BaseCreateLabDeviceConnectivityManager: CreateLabDeviceConnectivityManagerImpl$DeviceScanner.run(): connection failed
2020-02-23 15:54:36,458 [BaseCreateLabDeviceConnectivityManager.executorService pool-1-thread-1] DEBUG: edu.cmu.ri.createlab.device.connectivity.BaseCreateLabDeviceConnectivityManager: Failed to connect, but we're still in scan mode, so schedule a new scan
